TpTrace Verbose: 0 : 12952, 2, 2026/01/09, 23:07:14.744, 21759182186981, vstest.console.dll, Version: 18.0.1-release-25569-105 Current process architecture: X64
TpTrace Verbose: 0 : 12952, 2, 2026/01/09, 23:07:14.747, 21759182219412, vstest.console.dll, Runtime location: C:\Program Files\dotnet\shared\Microsoft.NETCore.App\10.0.1
TpTrace Information: 0 : 12952, 2, 2026/01/09, 23:07:14.750, 21759182246892, vstest.console.dll, Using .Net Framework version:.NETCoreApp,Version=v9.0
TpTrace Verbose: 0 : 12952, 2, 2026/01/09, 23:07:14.750, 21759182247932, vstest.console.dll, ArtifactProcessingPostProcessModeProcessorExecutor.Initialize: ArtifactProcessingMode.Collect
TpTrace Verbose: 0 : 12952, 2, 2026/01/09, 23:07:14.750, 21759182248463, vstest.console.dll, TestSessionCorrelationIdProcessorModeProcessorExecutor.Initialize: TestSessionCorrelationId '41956_e35290c9-464a-4ebf-97af-1e29cfe662e9'
TpTrace Information: 0 : 12952, 2, 2026/01/09, 23:07:14.758, 21759182325182, vstest.console.dll, FilePatternParser: The given file C:\src\github\alex-horvath-net\ModularMonolith\src\DevTests\bin\Debug\net9.0\DevTests.dll is a full path.
TpTrace Verbose: 0 : 12952, 2, 2026/01/09, 23:07:14.762, 21759182371475, vstest.console.dll, TestPluginCache.DiscoverTestExtensions: finding test extensions in assemblies ends with: RuntimeProvider.dll TPluginInfo: Microsoft.VisualStudio.TestPlatform.Common.ExtensionFramework.Utilities.TestRuntimePluginInformation TExtension: Microsoft.VisualStudio.TestPlatform.ObjectModel.Host.ITestRuntimeProvider
TpTrace Verbose: 0 : 12952, 2, 2026/01/09, 23:07:14.763, 21759182374088, vstest.console.dll, TestPluginCache.GetExtensionPaths: Filtered extension paths: 
TpTrace Verbose: 0 : 12952, 2, 2026/01/09, 23:07:14.763, 21759182374714, vstest.console.dll, TestPluginCache.GetExtensionPaths: Added default extension paths: C:\Program Files\dotnet\sdk\10.0.101\Extensions\Microsoft.Diagnostics.NETCore.Client.dll
C:\Program Files\dotnet\sdk\10.0.101\Extensions\Microsoft.TestPlatform.Extensions.BlameDataCollector.dll
C:\Program Files\dotnet\sdk\10.0.101\Extensions\Microsoft.TestPlatform.Extensions.EventLogCollector.dll
C:\Program Files\dotnet\sdk\10.0.101\Extensions\Microsoft.TestPlatform.TestHostRuntimeProvider.dll
C:\Program Files\dotnet\sdk\10.0.101\Extensions\Microsoft.VisualStudio.TestPlatform.Extensions.Html.TestLogger.dll
C:\Program Files\dotnet\sdk\10.0.101\Extensions\Microsoft.VisualStudio.TestPlatform.Extensions.Trx.TestLogger.dll
TpTrace Verbose: 0 : 12952, 2, 2026/01/09, 23:07:14.763, 21759182374923, vstest.console.dll, TestPluginCache.GetExtensionPaths: Added unfilterableExtensionPaths: 
TpTrace Information: 0 : 12952, 2, 2026/01/09, 23:07:14.763, 21759182379117, vstest.console.dll, AssemblyResolver.ctor: Creating AssemblyResolver with searchDirectories C:\Program Files\dotnet\sdk\10.0.101\Extensions,C:\Program Files\dotnet\sdk\10.0.101
TpTrace Verbose: 0 : 12952, 2, 2026/01/09, 23:07:14.764, 21759182388596, vstest.console.dll, TestPluginCache.DiscoverTestExtensions: Discovering the extensions using extension path.
TpTrace Verbose: 0 : 12952, 2, 2026/01/09, 23:07:14.764, 21759182389645, vstest.console.dll, TestPluginCache.GetExtensionPaths: Filtered extension paths: 
TpTrace Verbose: 0 : 12952, 2, 2026/01/09, 23:07:14.764, 21759182389935, vstest.console.dll, TestPluginCache.GetExtensionPaths: Added default extension paths: C:\Program Files\dotnet\sdk\10.0.101\Extensions\Microsoft.Diagnostics.NETCore.Client.dll
C:\Program Files\dotnet\sdk\10.0.101\Extensions\Microsoft.TestPlatform.Extensions.BlameDataCollector.dll
C:\Program Files\dotnet\sdk\10.0.101\Extensions\Microsoft.TestPlatform.Extensions.EventLogCollector.dll
C:\Program Files\dotnet\sdk\10.0.101\Extensions\Microsoft.TestPlatform.TestHostRuntimeProvider.dll
C:\Program Files\dotnet\sdk\10.0.101\Extensions\Microsoft.VisualStudio.TestPlatform.Extensions.Html.TestLogger.dll
C:\Program Files\dotnet\sdk\10.0.101\Extensions\Microsoft.VisualStudio.TestPlatform.Extensions.Trx.TestLogger.dll
TpTrace Verbose: 0 : 12952, 2, 2026/01/09, 23:07:14.764, 21759182390086, vstest.console.dll, TestPluginCache.GetExtensionPaths: Added unfilterableExtensionPaths: 
TpTrace Verbose: 0 : 12952, 2, 2026/01/09, 23:07:14.764, 21759182390969, vstest.console.dll, TestPluginCache.DiscoverTestExtensions: Discovering the extensions using allExtensionPaths: C:\Program Files\dotnet\sdk\10.0.101\Extensions\Microsoft.Diagnostics.NETCore.Client.dll
C:\Program Files\dotnet\sdk\10.0.101\Extensions\Microsoft.TestPlatform.Extensions.BlameDataCollector.dll
C:\Program Files\dotnet\sdk\10.0.101\Extensions\Microsoft.TestPlatform.Extensions.EventLogCollector.dll
C:\Program Files\dotnet\sdk\10.0.101\Extensions\Microsoft.TestPlatform.TestHostRuntimeProvider.dll
C:\Program Files\dotnet\sdk\10.0.101\Extensions\Microsoft.VisualStudio.TestPlatform.Extensions.Html.TestLogger.dll
C:\Program Files\dotnet\sdk\10.0.101\Extensions\Microsoft.VisualStudio.TestPlatform.Extensions.Trx.TestLogger.dll
TpTrace Information: 0 : 12952, 2, 2026/01/09, 23:07:14.765, 21759182391685, vstest.console.dll, AssemblyResolver.AddSearchDirectories: Adding more searchDirectories C:\Program Files\dotnet\sdk\10.0.101\Extensions,C:\Program Files\dotnet\sdk\10.0.101
TpTrace Information: 0 : 12952, 2, 2026/01/09, 23:07:14.765, 21759182391999, vstest.console.dll, AssemblyResolver.AddSearchDirectories: Adding more searchDirectories C:\Program Files\dotnet\sdk\10.0.101\Extensions,C:\Program Files\dotnet\sdk\10.0.101
TpTrace Information: 0 : 12952, 2, 2026/01/09, 23:07:14.765, 21759182392203, vstest.console.dll, AssemblyResolver.AddSearchDirectories: Adding more searchDirectories C:\Program Files\dotnet\sdk\10.0.101\Extensions,C:\Program Files\dotnet\sdk\10.0.101
TpTrace Information: 0 : 12952, 2, 2026/01/09, 23:07:14.765, 21759182392341, vstest.console.dll, AssemblyResolver.AddSearchDirectories: Adding more searchDirectories C:\Program Files\dotnet\sdk\10.0.101\Extensions,C:\Program Files\dotnet\sdk\10.0.101
TpTrace Information: 0 : 12952, 2, 2026/01/09, 23:07:14.765, 21759182392475, vstest.console.dll, AssemblyResolver.AddSearchDirectories: Adding more searchDirectories C:\Program Files\dotnet\sdk\10.0.101\Extensions,C:\Program Files\dotnet\sdk\10.0.101
TpTrace Information: 0 : 12952, 2, 2026/01/09, 23:07:14.765, 21759182392639, vstest.console.dll, AssemblyResolver.AddSearchDirectories: Adding more searchDirectories C:\Program Files\dotnet\sdk\10.0.101\Extensions,C:\Program Files\dotnet\sdk\10.0.101
TpTrace Information: 0 : 12952, 2, 2026/01/09, 23:07:14.765, 21759182396383, vstest.console.dll, AssemblyResolver.OnResolve: Microsoft.Diagnostics.NETCore.Client: Resolving assembly.
TpTrace Information: 0 : 12952, 2, 2026/01/09, 23:07:14.765, 21759182396981, vstest.console.dll, AssemblyResolver.OnResolve: Microsoft.Diagnostics.NETCore.Client: Searching in: 'C:\Program Files\dotnet\sdk\10.0.101\Extensions'.
TpTrace Information: 0 : 12952, 2, 2026/01/09, 23:07:14.771, 21759182458385, vstest.console.dll, AssemblyResolver.OnResolve: Microsoft.Diagnostics.NETCore.Client: Loading assembly 'C:\Program Files\dotnet\sdk\10.0.101\Extensions\Microsoft.Diagnostics.NETCore.Client.dll'.
TpTrace Information: 0 : 12952, 2, 2026/01/09, 23:07:14.772, 21759182465613, vstest.console.dll, AssemblyResolver.OnResolve: Resolved assembly: Microsoft.Diagnostics.NETCore.Client, from path: C:\Program Files\dotnet\sdk\10.0.101\Extensions\Microsoft.Diagnostics.NETCore.Client.dll
TpTrace Verbose: 0 : 12952, 2, 2026/01/09, 23:07:14.773, 21759182473239, vstest.console.dll, MetadataReaderExtensionsHelper: Discovering extensions inside assembly 'Microsoft.Diagnostics.NETCore.Client, Version=0.2.13.7005, Culture=neutral, PublicKeyToken=31bf3856ad364e35' file path 'C:\Program Files\dotnet\sdk\10.0.101\Extensions\Microsoft.Diagnostics.NETCore.Client.dll'
TpTrace Information: 0 : 12952, 2, 2026/01/09, 23:07:14.774, 21759182487428, vstest.console.dll, AssemblyResolver.OnResolve: Microsoft.Bcl.AsyncInterfaces: Resolving assembly.
TpTrace Information: 0 : 12952, 2, 2026/01/09, 23:07:14.774, 21759182488086, vstest.console.dll, AssemblyResolver.OnResolve: Microsoft.Bcl.AsyncInterfaces: Searching in: 'C:\Program Files\dotnet\sdk\10.0.101\Extensions'.
TpTrace Information: 0 : 12952, 2, 2026/01/09, 23:07:14.774, 21759182489143, vstest.console.dll, AssemblyResolver.OnResolve: Microsoft.Bcl.AsyncInterfaces: Assembly path does not exist: 'C:\Program Files\dotnet\sdk\10.0.101\Extensions\Microsoft.Bcl.AsyncInterfaces.dll', returning.
TpTrace Information: 0 : 12952, 2, 2026/01/09, 23:07:14.774, 21759182489633, vstest.console.dll, AssemblyResolver.OnResolve: Microsoft.Bcl.AsyncInterfaces: Assembly path does not exist: 'C:\Program Files\dotnet\sdk\10.0.101\Extensions\Microsoft.Bcl.AsyncInterfaces.exe', returning.
TpTrace Information: 0 : 12952, 2, 2026/01/09, 23:07:14.774, 21759182489799, vstest.console.dll, AssemblyResolver.OnResolve: Microsoft.Bcl.AsyncInterfaces: Searching in: 'C:\Program Files\dotnet\sdk\10.0.101'.
TpTrace Information: 0 : 12952, 2, 2026/01/09, 23:07:14.774, 21759182490169, vstest.console.dll, AssemblyResolver.OnResolve: Microsoft.Bcl.AsyncInterfaces: Assembly path does not exist: 'C:\Program Files\dotnet\sdk\10.0.101\Microsoft.Bcl.AsyncInterfaces.dll', returning.
TpTrace Information: 0 : 12952, 2, 2026/01/09, 23:07:14.774, 21759182490436, vstest.console.dll, AssemblyResolver.OnResolve: Microsoft.Bcl.AsyncInterfaces: Assembly path does not exist: 'C:\Program Files\dotnet\sdk\10.0.101\Microsoft.Bcl.AsyncInterfaces.exe', returning.
TpTrace Information: 0 : 12952, 2, 2026/01/09, 23:07:14.774, 21759182490645, vstest.console.dll, AssemblyResolver.OnResolve: Microsoft.Bcl.AsyncInterfaces: Failed to load assembly.
TpTrace Verbose: 0 : 12952, 2, 2026/01/09, 23:07:14.774, 21759182490871, vstest.console.dll, CurrentDomainAssemblyResolve: Resolving assembly 'Microsoft.Bcl.AsyncInterfaces'.
TpTrace Information: 0 : 12952, 2, 2026/01/09, 23:07:14.774, 21759182491261, vstest.console.dll, AssemblyResolver.OnResolve: Microsoft.Bcl.AsyncInterfaces: Resolving assembly.
TpTrace Information: 0 : 12952, 2, 2026/01/09, 23:07:14.774, 21759182491461, vstest.console.dll, AssemblyResolver.OnResolve: Microsoft.Bcl.AsyncInterfaces: Resolved from cache.
TpTrace Verbose: 0 : 12952, 2, 2026/01/09, 23:07:14.775, 21759182491596, vstest.console.dll, CurrentDomainAssemblyResolve: Resolving assembly 'Microsoft.Bcl.AsyncInterfaces'.
TpTrace Verbose: 0 : 12952, 2, 2026/01/09, 23:07:14.775, 21759182491757, vstest.console.dll, CurrentDomainAssemblyResolve: Failed to resolve assembly 'Microsoft.Bcl.AsyncInterfaces'.
TpTrace Verbose: 0 : 12952, 2, 2026/01/09, 23:07:14.775, 21759182498725, vstest.console.dll, CurrentDomainAssemblyResolve: Failed to resolve assembly 'Microsoft.Bcl.AsyncInterfaces'.
TpTrace Information: 0 : 12952, 2, 2026/01/09, 23:07:14.777, 21759182514674, vstest.console.dll, AssemblyResolver.OnResolve: Microsoft.Bcl.AsyncInterfaces: Resolving assembly.
TpTrace Information: 0 : 12952, 2, 2026/01/09, 23:07:14.777, 21759182515246, vstest.console.dll, AssemblyResolver.OnResolve: Microsoft.Bcl.AsyncInterfaces: Resolved from cache.
TpTrace Verbose: 0 : 12952, 2, 2026/01/09, 23:07:14.777, 21759182515455, vstest.console.dll, CurrentDomainAssemblyResolve: Resolving assembly 'Microsoft.Bcl.AsyncInterfaces'.
TpTrace Verbose: 0 : 12952, 2, 2026/01/09, 23:07:14.777, 21759182515594, vstest.console.dll, CurrentDomainAssemblyResolve: Failed to resolve assembly 'Microsoft.Bcl.AsyncInterfaces'.
TpTrace Information: 0 : 12952, 2, 2026/01/09, 23:07:14.778, 21759182522849, vstest.console.dll, AssemblyResolver.OnResolve: Microsoft.Bcl.AsyncInterfaces: Resolving assembly.
TpTrace Information: 0 : 12952, 2, 2026/01/09, 23:07:14.778, 21759182523395, vstest.console.dll, AssemblyResolver.OnResolve: Microsoft.Bcl.AsyncInterfaces: Resolved from cache.
TpTrace Verbose: 0 : 12952, 2, 2026/01/09, 23:07:14.778, 21759182523558, vstest.console.dll, CurrentDomainAssemblyResolve: Resolving assembly 'Microsoft.Bcl.AsyncInterfaces'.
TpTrace Verbose: 0 : 12952, 2, 2026/01/09, 23:07:14.778, 21759182523688, vstest.console.dll, CurrentDomainAssemblyResolve: Failed to resolve assembly 'Microsoft.Bcl.AsyncInterfaces'.
TpTrace Warning: 0 : 12952, 2, 2026/01/09, 23:07:14.785, 21759182601255, vstest.console.dll, TestPluginDiscoverer: Failed to get types from assembly 'Microsoft.Diagnostics.NETCore.Client, Version=0.2.13.7005, Culture=neutral, PublicKeyToken=31bf3856ad364e35'. Error: System.Reflection.ReflectionTypeLoadException: Unable to load one or more of the requested types.
Could not load file or assembly 'Microsoft.Bcl.AsyncInterfaces, Version=9.0.0.8, Culture=neutral, PublicKeyToken=cc7b13ffcd2ddd51'. The system cannot find the file specified.
Could not load file or assembly 'Microsoft.Bcl.AsyncInterfaces, Version=9.0.0.8, Culture=neutral, PublicKeyToken=cc7b13ffcd2ddd51'. The system cannot find the file specified.
Could not load file or assembly 'Microsoft.Bcl.AsyncInterfaces, Version=9.0.0.8, Culture=neutral, PublicKeyToken=cc7b13ffcd2ddd51'. The system cannot find the file specified.
   at System.Reflection.RuntimeModule.GetDefinedTypes()
   at System.Reflection.RuntimeModule.GetTypes()
   at Microsoft.VisualStudio.TestPlatform.Common.ExtensionFramework.TestPluginDiscoverer.GetTestExtensionsFromAssembly[TPluginInfo,TExtension](Assembly assembly, Dictionary`2 pluginInfos, String filePath) in /_/src/vstest/src/Microsoft.TestPlatform.Common/ExtensionFramework/TestPluginDiscoverer.cs:line 159
System.IO.FileNotFoundException: Could not load file or assembly 'Microsoft.Bcl.AsyncInterfaces, Version=9.0.0.8, Culture=neutral, PublicKeyToken=cc7b13ffcd2ddd51'. The system cannot find the file specified.
File name: 'Microsoft.Bcl.AsyncInterfaces, Version=9.0.0.8, Culture=neutral, PublicKeyToken=cc7b13ffcd2ddd51'
 ---> System.IO.FileNotFoundException: Could not load file or assembly 'Microsoft.Bcl.AsyncInterfaces, Culture=neutral, PublicKeyToken=null'. The system cannot find the file specified.
File name: 'Microsoft.Bcl.AsyncInterfaces, Culture=neutral, PublicKeyToken=null'
   at System.Reflection.RuntimeAssembly.InternalLoad(AssemblyName assemblyName, StackCrawlMark& stackMark, AssemblyLoadContext assemblyLoadContext, RuntimeAssembly requestingAssembly, Boolean throwOnFileNotFound)
   at System.Reflection.Assembly.Load(AssemblyName assemblyRef)
   at Microsoft.VisualStudio.TestPlatform.Common.ExtensionFramework.TestPluginCache.CurrentDomainAssemblyResolve(Object sender, AssemblyResolveEventArgs args) in /_/src/vstest/src/Microsoft.TestPlatform.Common/ExtensionFramework/TestPluginCache.cs:line 514
   at System.Runtime.Loader.AssemblyLoadContext.GetFirstResolvedAssemblyFromResolvingEvent(AssemblyName assemblyName)
   at System.Runtime.Loader.AssemblyLoadContext.ResolveUsingEvent(AssemblyName assemblyName)
System.IO.FileNotFoundException: Could not load file or assembly 'Microsoft.Bcl.AsyncInterfaces, Version=9.0.0.8, Culture=neutral, PublicKeyToken=cc7b13ffcd2ddd51'. The system cannot find the file specified.
File name: 'Microsoft.Bcl.AsyncInterfaces, Version=9.0.0.8, Culture=neutral, PublicKeyToken=cc7b13ffcd2ddd51'
System.IO.FileNotFoundException: Could not load file or assembly 'Microsoft.Bcl.AsyncInterfaces, Version=9.0.0.8, Culture=neutral, PublicKeyToken=cc7b13ffcd2ddd51'. The system cannot find the file specified.
File name: 'Microsoft.Bcl.AsyncInterfaces, Version=9.0.0.8, Culture=neutral, PublicKeyToken=cc7b13ffcd2ddd51'
TpTrace Warning: 0 : 12952, 2, 2026/01/09, 23:07:14.786, 21759182604313, vstest.console.dll, LoaderExceptions: System.IO.FileNotFoundException: Could not load file or assembly 'Microsoft.Bcl.AsyncInterfaces, Version=9.0.0.8, Culture=neutral, PublicKeyToken=cc7b13ffcd2ddd51'. The system cannot find the file specified.
File name: 'Microsoft.Bcl.AsyncInterfaces, Version=9.0.0.8, Culture=neutral, PublicKeyToken=cc7b13ffcd2ddd51'
 ---> System.IO.FileNotFoundException: Could not load file or assembly 'Microsoft.Bcl.AsyncInterfaces, Culture=neutral, PublicKeyToken=null'. The system cannot find the file specified.
File name: 'Microsoft.Bcl.AsyncInterfaces, Culture=neutral, PublicKeyToken=null'
   at System.Reflection.RuntimeAssembly.InternalLoad(AssemblyName assemblyName, StackCrawlMark& stackMark, AssemblyLoadContext assemblyLoadContext, RuntimeAssembly requestingAssembly, Boolean throwOnFileNotFound)
   at System.Reflection.Assembly.Load(AssemblyName assemblyRef)
   at Microsoft.VisualStudio.TestPlatform.Common.ExtensionFramework.TestPluginCache.CurrentDomainAssemblyResolve(Object sender, AssemblyResolveEventArgs args) in /_/src/vstest/src/Microsoft.TestPlatform.Common/ExtensionFramework/TestPluginCache.cs:line 514
   at System.Runtime.Loader.AssemblyLoadContext.GetFirstResolvedAssemblyFromResolvingEvent(AssemblyName assemblyName)
   at System.Runtime.Loader.AssemblyLoadContext.ResolveUsingEvent(AssemblyName assemblyName)
TpTrace Warning: 0 : 12952, 2, 2026/01/09, 23:07:14.786, 21759182605304, vstest.console.dll, LoaderExceptions: System.IO.FileNotFoundException: Could not load file or assembly 'Microsoft.Bcl.AsyncInterfaces, Version=9.0.0.8, Culture=neutral, PublicKeyToken=cc7b13ffcd2ddd51'. The system cannot find the file specified.
File name: 'Microsoft.Bcl.AsyncInterfaces, Version=9.0.0.8, Culture=neutral, PublicKeyToken=cc7b13ffcd2ddd51'
TpTrace Warning: 0 : 12952, 2, 2026/01/09, 23:07:14.786, 21759182605539, vstest.console.dll, LoaderExceptions: System.IO.FileNotFoundException: Could not load file or assembly 'Microsoft.Bcl.AsyncInterfaces, Version=9.0.0.8, Culture=neutral, PublicKeyToken=cc7b13ffcd2ddd51'. The system cannot find the file specified.
File name: 'Microsoft.Bcl.AsyncInterfaces, Version=9.0.0.8, Culture=neutral, PublicKeyToken=cc7b13ffcd2ddd51'
TpTrace Information: 0 : 12952, 2, 2026/01/09, 23:07:14.786, 21759182606495, vstest.console.dll, AssemblyResolver.OnResolve: Microsoft.TestPlatform.Extensions.BlameDataCollector: Resolving assembly.
TpTrace Information: 0 : 12952, 2, 2026/01/09, 23:07:14.786, 21759182606753, vstest.console.dll, AssemblyResolver.OnResolve: Microsoft.TestPlatform.Extensions.BlameDataCollector: Searching in: 'C:\Program Files\dotnet\sdk\10.0.101\Extensions'.
TpTrace Information: 0 : 12952, 2, 2026/01/09, 23:07:14.787, 21759182614327, vstest.console.dll, AssemblyResolver.OnResolve: Microsoft.TestPlatform.Extensions.BlameDataCollector: Loading assembly 'C:\Program Files\dotnet\sdk\10.0.101\Extensions\Microsoft.TestPlatform.Extensions.BlameDataCollector.dll'.
TpTrace Information: 0 : 12952, 2, 2026/01/09, 23:07:14.787, 21759182620797, vstest.console.dll, AssemblyResolver.OnResolve: Resolved assembly: Microsoft.TestPlatform.Extensions.BlameDataCollector, from path: C:\Program Files\dotnet\sdk\10.0.101\Extensions\Microsoft.TestPlatform.Extensions.BlameDataCollector.dll
TpTrace Verbose: 0 : 12952, 2, 2026/01/09, 23:07:14.788, 21759182621661, vstest.console.dll, MetadataReaderExtensionsHelper: Discovering extensions inside assembly 'Microsoft.TestPlatform.Extensions.BlameDataCollector, Version=15.0.0.0, Culture=neutral, PublicKeyToken=b03f5f7f11d50a3a' file path 'C:\Program Files\dotnet\sdk\10.0.101\Extensions\Microsoft.TestPlatform.Extensions.BlameDataCollector.dll'
TpTrace Information: 0 : 12952, 2, 2026/01/09, 23:07:14.789, 21759182635415, vstest.console.dll, AssemblyResolver.OnResolve: Microsoft.TestPlatform.Extensions.EventLogCollector: Resolving assembly.
TpTrace Information: 0 : 12952, 2, 2026/01/09, 23:07:14.789, 21759182636066, vstest.console.dll, AssemblyResolver.OnResolve: Microsoft.TestPlatform.Extensions.EventLogCollector: Searching in: 'C:\Program Files\dotnet\sdk\10.0.101\Extensions'.
TpTrace Information: 0 : 12952, 2, 2026/01/09, 23:07:14.789, 21759182640125, vstest.console.dll, AssemblyResolver.OnResolve: Microsoft.TestPlatform.Extensions.EventLogCollector: Loading assembly 'C:\Program Files\dotnet\sdk\10.0.101\Extensions\Microsoft.TestPlatform.Extensions.EventLogCollector.dll'.
TpTrace Information: 0 : 12952, 2, 2026/01/09, 23:07:14.790, 21759182644105, vstest.console.dll, AssemblyResolver.OnResolve: Resolved assembly: Microsoft.TestPlatform.Extensions.EventLogCollector, from path: C:\Program Files\dotnet\sdk\10.0.101\Extensions\Microsoft.TestPlatform.Extensions.EventLogCollector.dll
TpTrace Verbose: 0 : 12952, 2, 2026/01/09, 23:07:14.790, 21759182644787, vstest.console.dll, MetadataReaderExtensionsHelper: Discovering extensions inside assembly 'Microsoft.TestPlatform.Extensions.EventLogCollector, Version=15.0.0.0, Culture=neutral, PublicKeyToken=b03f5f7f11d50a3a' file path 'C:\Program Files\dotnet\sdk\10.0.101\Extensions\Microsoft.TestPlatform.Extensions.EventLogCollector.dll'
TpTrace Information: 0 : 12952, 2, 2026/01/09, 23:07:14.791, 21759182661192, vstest.console.dll, AssemblyResolver.OnResolve: Microsoft.TestPlatform.TestHostRuntimeProvider: Resolving assembly.
TpTrace Information: 0 : 12952, 2, 2026/01/09, 23:07:14.792, 21759182661803, vstest.console.dll, AssemblyResolver.OnResolve: Microsoft.TestPlatform.TestHostRuntimeProvider: Searching in: 'C:\Program Files\dotnet\sdk\10.0.101\Extensions'.
TpTrace Information: 0 : 12952, 2, 2026/01/09, 23:07:14.792, 21759182665136, vstest.console.dll, AssemblyResolver.OnResolve: Microsoft.TestPlatform.TestHostRuntimeProvider: Loading assembly 'C:\Program Files\dotnet\sdk\10.0.101\Extensions\Microsoft.TestPlatform.TestHostRuntimeProvider.dll'.
TpTrace Information: 0 : 12952, 2, 2026/01/09, 23:07:14.792, 21759182668905, vstest.console.dll, AssemblyResolver.OnResolve: Resolved assembly: Microsoft.TestPlatform.TestHostRuntimeProvider, from path: C:\Program Files\dotnet\sdk\10.0.101\Extensions\Microsoft.TestPlatform.TestHostRuntimeProvider.dll
TpTrace Verbose: 0 : 12952, 2, 2026/01/09, 23:07:14.792, 21759182669503, vstest.console.dll, MetadataReaderExtensionsHelper: Discovering extensions inside assembly 'Microsoft.TestPlatform.TestHostRuntimeProvider, Version=15.0.0.0, Culture=neutral, PublicKeyToken=b03f5f7f11d50a3a' file path 'C:\Program Files\dotnet\sdk\10.0.101\Extensions\Microsoft.TestPlatform.TestHostRuntimeProvider.dll'
TpTrace Information: 0 : 12952, 2, 2026/01/09, 23:07:14.793, 21759182681347, vstest.console.dll, GetTestExtensionFromType: Register extension with identifier data 'HostProvider://DefaultTestHost' and type 'Microsoft.VisualStudio.TestPlatform.CrossPlatEngine.Hosting.DefaultTestHostManager, Microsoft.TestPlatform.TestHostRuntimeProvider, Version=15.0.0.0, Culture=neutral, PublicKeyToken=b03f5f7f11d50a3a' inside file 'C:\Program Files\dotnet\sdk\10.0.101\Extensions\Microsoft.TestPlatform.TestHostRuntimeProvider.dll'
TpTrace Information: 0 : 12952, 2, 2026/01/09, 23:07:14.794, 21759182683976, vstest.console.dll, GetTestExtensionFromType: Register extension with identifier data 'HostProvider://DotnetTestHost' and type 'Microsoft.VisualStudio.TestPlatform.CrossPlatEngine.Hosting.DotnetTestHostManager, Microsoft.TestPlatform.TestHostRuntimeProvider, Version=15.0.0.0, Culture=neutral, PublicKeyToken=b03f5f7f11d50a3a' inside file 'C:\Program Files\dotnet\sdk\10.0.101\Extensions\Microsoft.TestPlatform.TestHostRuntimeProvider.dll'
TpTrace Information: 0 : 12952, 2, 2026/01/09, 23:07:14.794, 21759182684618, vstest.console.dll, AssemblyResolver.OnResolve: Microsoft.VisualStudio.TestPlatform.Extensions.Html.TestLogger: Resolving assembly.
TpTrace Information: 0 : 12952, 2, 2026/01/09, 23:07:14.794, 21759182684822, vstest.console.dll, AssemblyResolver.OnResolve: Microsoft.VisualStudio.TestPlatform.Extensions.Html.TestLogger: Searching in: 'C:\Program Files\dotnet\sdk\10.0.101\Extensions'.
TpTrace Information: 0 : 12952, 2, 2026/01/09, 23:07:14.794, 21759182690724, vstest.console.dll, AssemblyResolver.OnResolve: Microsoft.VisualStudio.TestPlatform.Extensions.Html.TestLogger: Loading assembly 'C:\Program Files\dotnet\sdk\10.0.101\Extensions\Microsoft.VisualStudio.TestPlatform.Extensions.Html.TestLogger.dll'.
TpTrace Information: 0 : 12952, 2, 2026/01/09, 23:07:14.795, 21759182696629, vstest.console.dll, AssemblyResolver.OnResolve: Resolved assembly: Microsoft.VisualStudio.TestPlatform.Extensions.Html.TestLogger, from path: C:\Program Files\dotnet\sdk\10.0.101\Extensions\Microsoft.VisualStudio.TestPlatform.Extensions.Html.TestLogger.dll
TpTrace Verbose: 0 : 12952, 2, 2026/01/09, 23:07:14.795, 21759182697286, vstest.console.dll, MetadataReaderExtensionsHelper: Discovering extensions inside assembly 'Microsoft.VisualStudio.TestPlatform.Extensions.Html.TestLogger, Version=15.0.0.0, Culture=neutral, PublicKeyToken=b03f5f7f11d50a3a' file path 'C:\Program Files\dotnet\sdk\10.0.101\Extensions\Microsoft.VisualStudio.TestPlatform.Extensions.Html.TestLogger.dll'
TpTrace Information: 0 : 12952, 2, 2026/01/09, 23:07:14.796, 21759182708959, vstest.console.dll, AssemblyResolver.OnResolve: Microsoft.VisualStudio.TestPlatform.Extensions.Trx.TestLogger: Resolving assembly.
TpTrace Information: 0 : 12952, 2, 2026/01/09, 23:07:14.796, 21759182709471, vstest.console.dll, AssemblyResolver.OnResolve: Microsoft.VisualStudio.TestPlatform.Extensions.Trx.TestLogger: Searching in: 'C:\Program Files\dotnet\sdk\10.0.101\Extensions'.
TpTrace Information: 0 : 12952, 2, 2026/01/09, 23:07:14.797, 21759182714136, vstest.console.dll, AssemblyResolver.OnResolve: Microsoft.VisualStudio.TestPlatform.Extensions.Trx.TestLogger: Loading assembly 'C:\Program Files\dotnet\sdk\10.0.101\Extensions\Microsoft.VisualStudio.TestPlatform.Extensions.Trx.TestLogger.dll'.
TpTrace Information: 0 : 12952, 2, 2026/01/09, 23:07:14.797, 21759182718782, vstest.console.dll, AssemblyResolver.OnResolve: Resolved assembly: Microsoft.VisualStudio.TestPlatform.Extensions.Trx.TestLogger, from path: C:\Program Files\dotnet\sdk\10.0.101\Extensions\Microsoft.VisualStudio.TestPlatform.Extensions.Trx.TestLogger.dll
TpTrace Verbose: 0 : 12952, 2, 2026/01/09, 23:07:14.797, 21759182719411, vstest.console.dll, MetadataReaderExtensionsHelper: Discovering extensions inside assembly 'Microsoft.VisualStudio.TestPlatform.Extensions.Trx.TestLogger, Version=15.0.0.0, Culture=neutral, PublicKeyToken=b03f5f7f11d50a3a' file path 'C:\Program Files\dotnet\sdk\10.0.101\Extensions\Microsoft.VisualStudio.TestPlatform.Extensions.Trx.TestLogger.dll'
TpTrace Verbose: 0 : 12952, 2, 2026/01/09, 23:07:14.798, 21759182728731, vstest.console.dll, TestPluginCache: Discovered the extensions using extension path ''.
TpTrace Verbose: 0 : 12952, 2, 2026/01/09, 23:07:14.798, 21759182729270, vstest.console.dll, TestPluginCache: Discoverers are ''.
TpTrace Verbose: 0 : 12952, 2, 2026/01/09, 23:07:14.798, 21759182729421, vstest.console.dll, TestPluginCache: Executors are ''.
TpTrace Verbose: 0 : 12952, 2, 2026/01/09, 23:07:14.798, 21759182729541, vstest.console.dll, TestPluginCache: Executors2 are ''.
TpTrace Verbose: 0 : 12952, 2, 2026/01/09, 23:07:14.798, 21759182729660, vstest.console.dll, TestPluginCache: Setting providers are ''.
TpTrace Verbose: 0 : 12952, 2, 2026/01/09, 23:07:14.798, 21759182729779, vstest.console.dll, TestPluginCache: Loggers are ''.
TpTrace Verbose: 0 : 12952, 2, 2026/01/09, 23:07:14.798, 21759182731150, vstest.console.dll, TestPluginCache: TestHosts are 'HostProvider://DefaultTestHost,HostProvider://DotnetTestHost'.
TpTrace Verbose: 0 : 12952, 2, 2026/01/09, 23:07:14.798, 21759182731381, vstest.console.dll, TestPluginCache: DataCollectors are ''.
TpTrace Information: 0 : 12952, 2, 2026/01/09, 23:07:14.808, 21759182829827, vstest.console.dll, RunTestsArgumentProcessor:Execute: Test run is starting.
TpTrace Verbose: 0 : 12952, 2, 2026/01/09, 23:07:14.808, 21759182830574, vstest.console.dll, RunTestsArgumentProcessor:Execute: Queuing Test run.
TpTrace Information: 0 : 12952, 2, 2026/01/09, 23:07:14.809, 21759182832214, vstest.console.dll, TestRequestManager.RunTests: run tests started.
TpTrace Information: 0 : 12952, 2, 2026/01/09, 23:07:14.810, 21759182842887, vstest.console.dll, AssemblyMetadataProvider.GetFrameworkName: Determined framework:'.NETCoreApp,Version=v9.0' for source: 'C:\src\github\alex-horvath-net\ModularMonolith\src\DevTests\bin\Debug\net9.0\DevTests.dll'
TpTrace Information: 0 : 12952, 2, 2026/01/09, 23:07:14.810, 21759182844209, vstest.console.dll, Determined framework for all sources: .NETCoreApp,Version=v9.0
TpTrace Verbose: 0 : 12952, 2, 2026/01/09, 23:07:14.811, 21759182855004, vstest.console.dll, TestRequestManager.UpdateRunSettingsIfRequired: Default architecture: X64 IsDefaultTargetArchitecture: True, Current process architecture: X64 OperatingSystem: Windows.
TpTrace Information: 0 : 12952, 2, 2026/01/09, 23:07:14.812, 21759182867651, vstest.console.dll, AssemblyMetadataProvider.GetArchitecture: Determined architecture:AnyCPU info for assembly: C:\src\github\alex-horvath-net\ModularMonolith\src\DevTests\bin\Debug\net9.0\DevTests.dll
TpTrace Information: 0 : 12952, 2, 2026/01/09, 23:07:14.812, 21759182868190, vstest.console.dll, Determined platform for source 'C:\src\github\alex-horvath-net\ModularMonolith\src\DevTests\bin\Debug\net9.0\DevTests.dll' was AnyCPU and it will use the default plaform X64.
TpTrace Information: 0 : 12952, 2, 2026/01/09, 23:07:14.812, 21759182868402, vstest.console.dll, None of the sources provided any runnable platform, using the default platform: X64
TpTrace Information: 0 : 12952, 2, 2026/01/09, 23:07:14.812, 21759182869626, vstest.console.dll, Platform was updated to 'X64'.
TpTrace Information: 0 : 12952, 2, 2026/01/09, 23:07:14.814, 21759182884580, vstest.console.dll, Compatible sources list: 
TpTrace Information: 0 : 12952, 2, 2026/01/09, 23:07:14.814, 21759182885164, vstest.console.dll, C:\src\github\alex-horvath-net\ModularMonolith\src\DevTests\bin\Debug\net9.0\DevTests.dll
TpTrace Information: 0 : 12952, 2, 2026/01/09, 23:07:14.816, 21759182905563, vstest.console.dll, InferRunSettingsHelper.IsTestSettingsEnabled: Unable to navigate to RunSettings/MSTest. Current node: RunSettings
TpTrace Information: 0 : 12952, 2, 2026/01/09, 23:07:14.816, 21759182910787, vstest.console.dll, AssemblyResolver.OnResolve: Microsoft.VisualStudio.TestPlatform.Fakes: Resolving assembly.
TpTrace Information: 0 : 12952, 2, 2026/01/09, 23:07:14.816, 21759182911307, vstest.console.dll, AssemblyResolver.OnResolve: Microsoft.VisualStudio.TestPlatform.Fakes: Searching in: 'C:\Program Files\dotnet\sdk\10.0.101\Extensions'.
TpTrace Information: 0 : 12952, 2, 2026/01/09, 23:07:14.817, 21759182911970, vstest.console.dll, AssemblyResolver.OnResolve: Microsoft.VisualStudio.TestPlatform.Fakes: Assembly path does not exist: 'C:\Program Files\dotnet\sdk\10.0.101\Extensions\Microsoft.VisualStudio.TestPlatform.Fakes.dll', returning.
TpTrace Information: 0 : 12952, 2, 2026/01/09, 23:07:14.817, 21759182912294, vstest.console.dll, AssemblyResolver.OnResolve: Microsoft.VisualStudio.TestPlatform.Fakes: Assembly path does not exist: 'C:\Program Files\dotnet\sdk\10.0.101\Extensions\Microsoft.VisualStudio.TestPlatform.Fakes.exe', returning.
TpTrace Information: 0 : 12952, 2, 2026/01/09, 23:07:14.817, 21759182912450, vstest.console.dll, AssemblyResolver.OnResolve: Microsoft.VisualStudio.TestPlatform.Fakes: Searching in: 'C:\Program Files\dotnet\sdk\10.0.101'.
TpTrace Information: 0 : 12952, 2, 2026/01/09, 23:07:14.817, 21759182912846, vstest.console.dll, AssemblyResolver.OnResolve: Microsoft.VisualStudio.TestPlatform.Fakes: Assembly path does not exist: 'C:\Program Files\dotnet\sdk\10.0.101\Microsoft.VisualStudio.TestPlatform.Fakes.dll', returning.
TpTrace Information: 0 : 12952, 2, 2026/01/09, 23:07:14.817, 21759182913149, vstest.console.dll, AssemblyResolver.OnResolve: Microsoft.VisualStudio.TestPlatform.Fakes: Assembly path does not exist: 'C:\Program Files\dotnet\sdk\10.0.101\Microsoft.VisualStudio.TestPlatform.Fakes.exe', returning.
TpTrace Information: 0 : 12952, 2, 2026/01/09, 23:07:14.817, 21759182913296, vstest.console.dll, AssemblyResolver.OnResolve: Microsoft.VisualStudio.TestPlatform.Fakes: Failed to load assembly.
TpTrace Information: 0 : 12952, 2, 2026/01/09, 23:07:14.832, 21759183065485, vstest.console.dll, Failed to load assembly Microsoft.VisualStudio.TestPlatform.Fakes, Version=18.0.0.0, Culture=neutral. Reason:System.IO.FileNotFoundException: Could not load file or assembly 'Microsoft.VisualStudio.TestPlatform.Fakes, Version=18.0.0.0, Culture=neutral, PublicKeyToken=null'. The system cannot find the file specified.
File name: 'Microsoft.VisualStudio.TestPlatform.Fakes, Version=18.0.0.0, Culture=neutral, PublicKeyToken=null'
   at System.Reflection.RuntimeAssembly.InternalLoad(AssemblyName assemblyName, StackCrawlMark& stackMark, AssemblyLoadContext assemblyLoadContext, RuntimeAssembly requestingAssembly, Boolean throwOnFileNotFound)
   at System.Reflection.Assembly.Load(AssemblyName assemblyRef)
   at Microsoft.VisualStudio.TestPlatform.Common.Utilities.FakesUtilities.LoadTestPlatformAssembly() in /_/src/vstest/src/Microsoft.TestPlatform.Common/Utilities/FakesUtilities.cs:line 200
TpTrace Verbose: 0 : 12952, 2, 2026/01/09, 23:07:14.834, 21759183081782, vstest.console.dll, TestPluginCache: Update extensions started. Skip filter = False
TpTrace Verbose: 0 : 12952, 2, 2026/01/09, 23:07:14.835, 21759183096236, vstest.console.dll, TestPluginCache: Using directories for assembly resolution 'C:\Users\alada\.nuget\packages\coverlet.collector\6.0.4\build\netstandard2.0'.
TpTrace Verbose: 0 : 12952, 2, 2026/01/09, 23:07:14.835, 21759183097331, vstest.console.dll, TestPluginCache: Updated the available extensions to 'C:\Users\alada\.nuget\packages\coverlet.collector\6.0.4\build\netstandard2.0\coverlet.collector.dll'.
TpTrace Verbose: 0 : 12952, 2, 2026/01/09, 23:07:14.840, 21759183148660, vstest.console.dll, TestEngine: Initializing Parallel Execution as MaxCpuCount is set to: 1
TpTrace Information: 0 : 12952, 2, 2026/01/09, 23:07:14.841, 21759183159180, vstest.console.dll, TestPluginManager.CreateTestExtension: Attempting to load test extension: Microsoft.VisualStudio.TestPlatform.CrossPlatEngine.Hosting.DefaultTestHostManager
TpTrace Information: 0 : 12952, 2, 2026/01/09, 23:07:14.842, 21759183165881, vstest.console.dll, TestPluginManager.CreateTestExtension: Attempting to load test extension: Microsoft.VisualStudio.TestPlatform.CrossPlatEngine.Hosting.DotnetTestHostManager
TpTrace Verbose: 0 : 12952, 2, 2026/01/09, 23:07:14.842, 21759183167993, vstest.console.dll, TestHostManagerCallbacks.ctor: Forwarding output is enabled.
TpTrace Information: 0 : 12952, 2, 2026/01/09, 23:07:14.843, 21759183172288, vstest.console.dll, InferRunSettingsHelper.IsTestSettingsEnabled: Unable to navigate to RunSettings/MSTest. Current node: RunSettings
TpTrace Verbose: 0 : 12952, 2, 2026/01/09, 23:07:14.843, 21759183176598, vstest.console.dll, ParallelOperationManager.ClearSlots: Clearing all slots. Slots should accept more work: True
TpTrace Verbose: 0 : 12952, 2, 2026/01/09, 23:07:14.845, 21759183191599, vstest.console.dll, ParallelOperationManager.SetOccupiedSlotCount: Setting slot counts AvailableSlotCount = 1, OccupiedSlotCount = 0.
TpTrace Verbose: 0 : 12952, 2, 2026/01/09, 23:07:14.845, 21759183194973, vstest.console.dll, Occupied slots:

TpTrace Verbose: 0 : 12952, 2, 2026/01/09, 23:07:14.848, 21759183222297, vstest.console.dll, TestEngine.GetExecutionManager: Chosen execution manager 'Microsoft.VisualStudio.TestPlatform.CrossPlatEngine.Client.Parallel.ParallelProxyExecutionManager, Microsoft.TestPlatform.CrossPlatEngine, Version=15.0.0.0, Culture=neutral, PublicKeyToken=b03f5f7f11d50a3a' ParallelLevel '1'.
TpTrace Verbose: 0 : 12952, 2, 2026/01/09, 23:07:14.848, 21759183224161, vstest.console.dll, TestPlatform.GetSkipDefaultAdapters: Not skipping default adapters SkipDefaultAdapters was false.
TpTrace Verbose: 0 : 12952, 2, 2026/01/09, 23:07:14.848, 21759183224942, vstest.console.dll, TestRunRequest.ExecuteAsync: Creating test run request.
TpTrace Verbose: 0 : 12952, 2, 2026/01/09, 23:07:14.848, 21759183229546, vstest.console.dll, TestRunRequest.ExecuteAsync: Starting.
TpTrace Information: 0 : 12952, 2, 2026/01/09, 23:07:14.849, 21759183236972, vstest.console.dll, TestRunRequest.ExecuteAsync: Starting run with settings:TestRunCriteria:
   KeepAlive=False,FrequencyOfRunStatsChangeEvent=10,RunStatsChangeEventTimeout=00:00:01.5000000,TestCaseFilter=GetOrderByIdEndpoints_Tests,TestExecutorLauncher=
   Settingsxml=<RunSettings>
  <RunConfiguration>
    <ResultsDirectory>C:\src\github\alex-horvath-net\ModularMonolith\src\DevTests\TestResults</ResultsDirectory>
    <TargetPlatform>X64</TargetPlatform>
    <TargetFrameworkVersion>.NETCoreApp,Version=v9.0</TargetFrameworkVersion>
    <TestAdaptersPaths>C:\Users\alada\.nuget\packages\coverlet.collector\6.0.4\build\netstandard2.0\</TestAdaptersPaths>
    <DesignMode>False</DesignMode>
    <CollectSourceInformation>False</CollectSourceInformation>
  </RunConfiguration>
  <LoggerRunSettings>
    <Loggers>
      <Logger friendlyName="Microsoft.TestPlatform.MSBuildLogger" assemblyQualifiedName="Microsoft.VisualStudio.TestPlatform.CommandLine.Internal.MSBuildLogger, vstest.console, Version=15.0.0.0, Culture=neutral, PublicKeyToken=b03f5f7f11d50a3a" codeBase="C:\Program Files\dotnet\sdk\10.0.101\vstest.console.dll" enabled="True">
        <Configuration>
          <Verbosity>minimal</Verbosity>
        </Configuration>
      </Logger>
    </Loggers>
  </LoggerRunSettings>
</RunSettings>

TpTrace Verbose: 0 : 12952, 2, 2026/01/09, 23:07:14.849, 21759183237402, vstest.console.dll, TestRunRequest.ExecuteAsync: Wait for the first run request is over.
TpTrace Verbose: 0 : 12952, 2, 2026/01/09, 23:07:14.849, 21759183239738, vstest.console.dll, MulticastDelegateUtilities.SafeInvoke: TestRun.TestRunStart: Invoking callbacks was skipped because there are no subscribers.
TpTrace Verbose: 0 : 12952, 2, 2026/01/09, 23:07:14.850, 21759183247998, vstest.console.dll, ParallelProxyExecutionManager: Start execution. Total sources: 1
TpTrace Verbose: 0 : 12952, 2, 2026/01/09, 23:07:14.850, 21759183250963, vstest.console.dll, ParallelOperationManager.StartWork: Starting adding 1 workloads.
TpTrace Verbose: 0 : 12952, 2, 2026/01/09, 23:07:14.850, 21759183251481, vstest.console.dll, ParallelOperationManager.ClearSlots: Clearing all slots. Slots should accept more work: True
TpTrace Verbose: 0 : 12952, 2, 2026/01/09, 23:07:14.851, 21759183251956, vstest.console.dll, ParallelOperationManager.SetOccupiedSlotCount: Setting slot counts AvailableSlotCount = 1, OccupiedSlotCount = 0.
TpTrace Verbose: 0 : 12952, 2, 2026/01/09, 23:07:14.851, 21759183252188, vstest.console.dll, Occupied slots:

TpTrace Verbose: 0 : 12952, 2, 2026/01/09, 23:07:14.852, 21759183261948, vstest.console.dll, TestHostManagerCallbacks.ctor: Forwarding output is enabled.
TpTrace Verbose: 0 : 12952, 2, 2026/01/09, 23:07:14.852, 21759183263698, vstest.console.dll, TestRequestSender is acting as server.
TpTrace Verbose: 0 : 12952, 2, 2026/01/09, 23:07:14.852, 21759183265741, vstest.console.dll, ParallelOperationManager.RunWorkInParallel: Adding 1 workload to slot, remaining workloads 0.
TpTrace Verbose: 0 : 12952, 2, 2026/01/09, 23:07:14.852, 21759183266104, vstest.console.dll, ParallelOperationManager.SetOccupiedSlotCount: Setting slot counts AvailableSlotCount = 0, OccupiedSlotCount = 1.
TpTrace Verbose: 0 : 12952, 2, 2026/01/09, 23:07:14.852, 21759183266820, vstest.console.dll, Occupied slots:
0: C:\src\github\alex-horvath-net\ModularMonolith\src\DevTests\bin\Debug\net9.0\DevTests.dll
TpTrace Verbose: 0 : 12952, 2, 2026/01/09, 23:07:14.853, 21759183277861, vstest.console.dll, ParallelOperationManager.RunWorkInParallel: Started host in slot number 0 for work (source): C:\src\github\alex-horvath-net\ModularMonolith\src\DevTests\bin\Debug\net9.0\DevTests.dll.
TpTrace Verbose: 0 : 12952, 2, 2026/01/09, 23:07:14.855, 21759183292605, vstest.console.dll, ParallelOperationManager.RunWorkInParallel: We started 1 work items, which is the max parallel level. Won't start more work.
TpTrace Verbose: 0 : 12952, 2, 2026/01/09, 23:07:14.855, 21759183293092, vstest.console.dll, ParallelOperationManager.RunWorkInParallel: We started 1 work items in here, returning True.
TpTrace Information: 0 : 12952, 2, 2026/01/09, 23:07:14.855, 21759183293527, vstest.console.dll, TestRunRequest.ExecuteAsync: Started.
TpTrace Verbose: 0 : 12952, 5, 2026/01/09, 23:07:14.855, 21759183296203, vstest.console.dll, ParallelProxyExecutionManager.StartTestRunOnConcurrentManager: Initializing uninitialized client. Started clients: 0
TpTrace Verbose: 0 : 12952, 2, 2026/01/09, 23:07:14.855, 21759183296762, vstest.console.dll, TestRunRequest.WaitForCompletion: Waiting with timeout -1.
TpTrace Verbose: 0 : 12952, 5, 2026/01/09, 23:07:14.855, 21759183297072, vstest.console.dll, ParallelProxyExecutionManager.StartTestRunOnConcurrentManager: Initializing test run. Started clients: 0
TpTrace Verbose: 0 : 12952, 5, 2026/01/09, 23:07:14.855, 21759183298604, vstest.console.dll, ProxyExecutionManager: Test host is always Lazy initialize.
TpTrace Verbose: 0 : 12952, 5, 2026/01/09, 23:07:14.855, 21759183300467, vstest.console.dll, TestRequestSender.InitializeCommunication: initialize communication. 
TpTrace Information: 0 : 12952, 5, 2026/01/09, 23:07:14.866, 21759183404242, vstest.console.dll, SocketServer.Start: Listening on endpoint : 127.0.0.1:64865
TpTrace Verbose: 0 : 12952, 5, 2026/01/09, 23:07:14.871, 21759183454291, vstest.console.dll, DotnetTestHostmanager.GetTestHostProcessStartInfo: Platform environment 'X64' target architecture 'X64' framework '.NETCoreApp,Version=v9.0' OS 'Windows'
TpTrace Verbose: 0 : 12952, 5, 2026/01/09, 23:07:14.871, 21759183455500, vstest.console.dll, DotnetTestHostmanager.LaunchTestHostAsync: VSTEST_DOTNET_ROOT_PATH=C:\Program Files\dotnet
TpTrace Verbose: 0 : 12952, 5, 2026/01/09, 23:07:14.871, 21759183455852, vstest.console.dll, DotnetTestHostmanager.LaunchTestHostAsync: VSTEST_DOTNET_ROOT_ARCHITECTURE=X64
TpTrace Verbose: 0 : 12952, 5, 2026/01/09, 23:07:14.871, 21759183456476, vstest.console.dll, DotnetTestHostManager.SetDotnetRootForArchitecture: Adding DOTNET_ROOT_X64=C:\Program Files\dotnet to testhost start info.
TpTrace Verbose: 0 : 12952, 5, 2026/01/09, 23:07:14.871, 21759183457694, vstest.console.dll, DotnetTestHostmanager: Adding  --runtimeconfig "C:\src\github\alex-horvath-net\ModularMonolith\src\DevTests\bin\Debug\net9.0\DevTests.runtimeconfig.json" in args
TpTrace Verbose: 0 : 12952, 5, 2026/01/09, 23:07:14.871, 21759183458196, vstest.console.dll, DotnetTestHostmanager: Adding  --depsfile "C:\src\github\alex-horvath-net\ModularMonolith\src\DevTests\bin\Debug\net9.0\DevTests.deps.json" in args
TpTrace Verbose: 0 : 12952, 5, 2026/01/09, 23:07:14.871, 21759183459335, vstest.console.dll, DotnetTestHostmanager.IsWinOnArm: Current PROCESSOR_ARCHITECTURE from environment variable 'AMD64'
TpTrace Verbose: 0 : 12952, 5, 2026/01/09, 23:07:14.871, 21759183459831, vstest.console.dll, DotnetTestHostmanager.IsWinOnArm: Is Windows on ARM 'False'
TpTrace Verbose: 0 : 12952, 5, 2026/01/09, 23:07:14.871, 21759183460370, vstest.console.dll, DotnetTestHostManager: testhost.exe found at path: C:\src\github\alex-horvath-net\ModularMonolith\src\DevTests\bin\Debug\net9.0\testhost.exe
TpTrace Verbose: 0 : 12952, 5, 2026/01/09, 23:07:14.871, 21759183460608, vstest.console.dll, DotnetTestHostmanager: Full path of host exe is C:\src\github\alex-horvath-net\ModularMonolith\src\DevTests\bin\Debug\net9.0\testhost.exe
TpTrace Verbose: 0 : 12952, 5, 2026/01/09, 23:07:14.874, 21759183482006, vstest.console.dll, DotnetTestHostManager: Starting process '0' with command line '1' and DOTNET environment: DOTNET_ROOT_X64=C:\Program Files\dotnet, DOTNET_ROOT=C:\Program Files\dotnet 
TpTrace Verbose: 0 : 12952, 5, 2026/01/09, 23:07:14.899, 21759183734561, vstest.console.dll, Test Runtime launched
TpTrace Verbose: 0 : 12952, 5, 2026/01/09, 23:07:14.899, 21759183736694, vstest.console.dll, MulticastDelegateUtilities.SafeInvoke: HostProviderEvents.OnHostLaunched: Invoking callback 1/1 for Microsoft.VisualStudio.TestPlatform.CrossPlatEngine.Client.ProxyOperationManager., took 0 ms.
TpTrace Verbose: 0 : 12952, 5, 2026/01/09, 23:07:14.899, 21759183739914, vstest.console.dll, TestRequestSender.WaitForRequestHandlerConnection: waiting for connection with timeout: 90000.
TpTrace Verbose: 0 : 12952, 5, 2026/01/09, 23:07:15.034, 21759185088982, vstest.console.dll, TestRequestSender.WaitForRequestHandlerConnection: waiting took 134 ms, with timeout 90000 ms, and result 0, which is success.
TpTrace Verbose: 0 : 12952, 10, 2026/01/09, 23:07:15.034, 21759185088929, vstest.console.dll, MulticastDelegateUtilities.SafeInvoke: SocketServer: ClientConnected: Invoking callback 1/1 for Microsoft.VisualStudio.TestPlatform.CommunicationUtilities.TestRequestSender., took 0 ms.
TpTrace Verbose: 0 : 12952, 10, 2026/01/09, 23:07:15.035, 21759185091579, vstest.console.dll, SocketServer.OnClientConnected: Client connected for endPoint: 127.0.0.1:64865, starting MessageLoopAsync:
TpTrace Verbose: 0 : 12952, 11, 2026/01/09, 23:07:15.035, 21759185095737, vstest.console.dll, TcpClientExtensions.MessageLoopAsync: Polling on remoteEndPoint: 127.0.0.1:64866 localEndPoint: 127.0.0.1:64865 after 0 ms
TpTrace Verbose: 0 : 12952, 5, 2026/01/09, 23:07:15.062, 21759185367991, vstest.console.dll, TestRequestSender.CheckVersionWithTestHost: Sending check version message: {"MessageType":"ProtocolVersion","Payload":7}
TpTrace Verbose: 0 : 12952, 11, 2026/01/09, 23:07:15.135, 21759186094493, vstest.console.dll, TcpClientExtensions.MessageLoopAsync: NotifyDataAvailable remoteEndPoint: 127.0.0.1:64866 localEndPoint: 127.0.0.1:64865
TpTrace Verbose: 0 : 12952, 11, 2026/01/09, 23:07:15.135, 21759186099408, vstest.console.dll, TestRequestSender.CheckVersionWithTestHost: onMessageReceived received message: (ProtocolVersion) -> {"MessageType":"ProtocolVersion","Payload":7}
TpTrace Verbose: 0 : 12952, 11, 2026/01/09, 23:07:15.140, 21759186146564, vstest.console.dll, MulticastDelegateUtilities.SafeInvoke: LengthPrefixCommunicationChannel: MessageReceived: Invoking callback 1/1 for Microsoft.VisualStudio.TestPlatform.CommunicationUtilities.TestRequestSender+<>c__DisplayClass29_0., took 4 ms.
TpTrace Verbose: 0 : 12952, 11, 2026/01/09, 23:07:15.140, 21759186147860, vstest.console.dll, TcpClientExtensions.MessageLoopAsync: Polling on remoteEndPoint: 127.0.0.1:64866 localEndPoint: 127.0.0.1:64865 after 105 ms
TpTrace Verbose: 0 : 12952, 5, 2026/01/09, 23:07:15.140, 21759186148180, vstest.console.dll, TestPluginCache.GetExtensionPaths: Filtered extension paths: 
TpTrace Verbose: 0 : 12952, 11, 2026/01/09, 23:07:15.140, 21759186148815, vstest.console.dll, TcpClientExtensions.MessageLoopAsync: NotifyDataAvailable remoteEndPoint: 127.0.0.1:64866 localEndPoint: 127.0.0.1:64865
TpTrace Verbose: 0 : 12952, 5, 2026/01/09, 23:07:15.140, 21759186149125, vstest.console.dll, TestPluginCache.GetExtensionPaths: Added default extension paths: C:\Program Files\dotnet\sdk\10.0.101\Extensions\Microsoft.Diagnostics.NETCore.Client.dll
C:\Program Files\dotnet\sdk\10.0.101\Extensions\Microsoft.TestPlatform.Extensions.BlameDataCollector.dll
C:\Program Files\dotnet\sdk\10.0.101\Extensions\Microsoft.TestPlatform.Extensions.EventLogCollector.dll
C:\Program Files\dotnet\sdk\10.0.101\Extensions\Microsoft.TestPlatform.TestHostRuntimeProvider.dll
C:\Program Files\dotnet\sdk\10.0.101\Extensions\Microsoft.VisualStudio.TestPlatform.Extensions.Html.TestLogger.dll
C:\Program Files\dotnet\sdk\10.0.101\Extensions\Microsoft.VisualStudio.TestPlatform.Extensions.Trx.TestLogger.dll
TpTrace Verbose: 0 : 12952, 5, 2026/01/09, 23:07:15.140, 21759186150377, vstest.console.dll, TestPluginCache.GetExtensionPaths: Added unfilterableExtensionPaths: 
TpTrace Verbose: 0 : 12952, 5, 2026/01/09, 23:07:15.144, 21759186185588, vstest.console.dll, TestRequestSender.InitializeExecution: Sending initialize execution with message: {"Version":7,"MessageType":"TestExecution.Initialize","Payload":["C:\\src\\github\\alex-horvath-net\\ModularMonolith\\src\\DevTests\\bin\\Debug\\net9.0\\xunit.runner.visualstudio.testadapter.dll"]}
TpTrace Verbose: 0 : 12952, 5, 2026/01/09, 23:07:15.144, 21759186188117, vstest.console.dll, ParallelProxyExecutionManager.StartTestRunOnConcurrentManager: Execution starting. Started clients: 1
TpTrace Warning: 0 : 12952, 5, 2026/01/09, 23:07:15.145, 21759186191628, vstest.console.dll, InferRunSettingsHelper.MakeRunsettingsCompatible: Removing the following settings: TargetPlatform from RunSettings file. To use those settings please move to latest version of Microsoft.NET.Test.Sdk
TpTrace Verbose: 0 : 12952, 11, 2026/01/09, 23:07:15.145, 21759186198049, vstest.console.dll, TestRequestSender.OnExecutionMessageReceived: Received message: {"Version":7,"MessageType":"TestSession.Message","Payload":{"MessageLevel":0,"Message":"Logging TestHost Diagnostics in file: C:\\src\\github\\alex-horvath-net\\ModularMonolith\\diag.host.26-01-09_23-07-14_87082_5.log"}}
TpTrace Verbose: 0 : 12952, 11, 2026/01/09, 23:07:15.149, 21759186231628, vstest.console.dll, TestRunRequest:SendTestRunMessage: Starting.
TpTrace Verbose: 0 : 12952, 11, 2026/01/09, 23:07:15.149, 21759186234031, vstest.console.dll, MulticastDelegateUtilities.SafeInvoke: TestRun.LogMessages: Invoking callback 1/1 for Microsoft.VisualStudio.TestPlatform.CommandLine.TestRunResultAggregator., took 0 ms.
TpTrace Information: 0 : 12952, 11, 2026/01/09, 23:07:15.149, 21759186234417, vstest.console.dll, TestRunRequest:SendTestRunMessage: Completed.
TpTrace Verbose: 0 : 12952, 11, 2026/01/09, 23:07:15.149, 21759186234651, vstest.console.dll, MulticastDelegateUtilities.SafeInvoke: LengthPrefixCommunicationChannel: MessageReceived: Invoking callback 1/1 for Microsoft.VisualStudio.TestPlatform.CommunicationUtilities.TestRequestSender+<>c__DisplayClass34_0., took 3 ms.
TpTrace Verbose: 0 : 12952, 11, 2026/01/09, 23:07:15.149, 21759186234934, vstest.console.dll, TcpClientExtensions.MessageLoopAsync: Polling on remoteEndPoint: 127.0.0.1:64866 localEndPoint: 127.0.0.1:64865 after 8 ms
TpTrace Verbose: 0 : 12952, 4, 2026/01/09, 23:07:15.149, 21759186237919, vstest.console.dll, MulticastDelegateUtilities.SafeInvoke: InternalTestLoggerEvents.SendTestRunMessage: Invoking callback 1/1 for Microsoft.VisualStudio.TestPlatform.CommandLine.Internal.MSBuildLogger., took 0 ms.
TpTrace Verbose: 0 : 12952, 5, 2026/01/09, 23:07:15.150, 21759186251505, vstest.console.dll, TestRequestSender.StartTestRun: Sending test run with message: {"Version":7,"MessageType":"TestExecution.StartWithSources","Payload":{"AdapterSourceMap":{"_none_":["C:\\src\\github\\alex-horvath-net\\ModularMonolith\\src\\DevTests\\bin\\Debug\\net9.0\\DevTests.dll"]},"RunSettings":"<RunSettings>\r\n  <RunConfiguration>\r\n    <ResultsDirectory>C:\\src\\github\\alex-horvath-net\\ModularMonolith\\src\\DevTests\\TestResults</ResultsDirectory>\r\n    <TargetFrameworkVersion>.NETCoreApp,Version=v9.0</TargetFrameworkVersion>\r\n    <TestAdaptersPaths>C:\\Users\\alada\\.nuget\\packages\\coverlet.collector\\6.0.4\\build\\netstandard2.0\\</TestAdaptersPaths>\r\n    <DesignMode>False</DesignMode>\r\n    <CollectSourceInformation>False</CollectSourceInformation>\r\n  </RunConfiguration>\r\n  <LoggerRunSettings>\r\n    <Loggers>\r\n      <Logger friendlyName=\"Microsoft.TestPlatform.MSBuildLogger\" assemblyQualifiedName=\"Microsoft.VisualStudio.TestPlatform.CommandLine.Internal.MSBuildLogger, vstest.console, Version=15.0.0.0, Culture=neutral, PublicKeyToken=b03f5f7f11d50a3a\" codeBase=\"C:\\Program Files\\dotnet\\sdk\\10.0.101\\vstest.console.dll\" enabled=\"True\">\r\n        <Configuration>\r\n          <Verbosity>minimal</Verbosity>\r\n        </Configuration>\r\n      </Logger>\r\n    </Loggers>\r\n  </LoggerRunSettings>\r\n</RunSettings>","TestExecutionContext":{"FrequencyOfRunStatsChangeEvent":10,"RunStatsChangeEventTimeout":"00:00:01.5000000","InIsolation":false,"KeepAlive":false,"AreTestCaseLevelEventsRequired":false,"IsDebug":false,"TestCaseFilter":"GetOrderByIdEndpoints_Tests","FilterOptions":null},"Package":null}}
TpTrace Verbose: 0 : 12952, 5, 2026/01/09, 23:07:15.151, 21759186253120, vstest.console.dll, ParallelProxyExecutionManager.StartTestRunOnConcurrentManager: Execution started. Started clients: 1
TpTrace Verbose: 0 : 12952, 11, 2026/01/09, 23:07:15.286, 21759187606301, vstest.console.dll, TcpClientExtensions.MessageLoopAsync: NotifyDataAvailable remoteEndPoint: 127.0.0.1:64866 localEndPoint: 127.0.0.1:64865
TpTrace Verbose: 0 : 12952, 11, 2026/01/09, 23:07:15.286, 21759187608692, vstest.console.dll, TestRequestSender.OnExecutionMessageReceived: Received message: {"Version":7,"MessageType":"TestSession.Message","Payload":{"MessageLevel":0,"Message":"[xUnit.net 00:00:00.00] xUnit.net VSTest Adapter v3.1.5+1b188a7b0a (64-bit .NET 9.0.11)"}}
TpTrace Verbose: 0 : 12952, 11, 2026/01/09, 23:07:15.286, 21759187611339, vstest.console.dll, TestRunRequest:SendTestRunMessage: Starting.
TpTrace Verbose: 0 : 12952, 11, 2026/01/09, 23:07:15.287, 21759187612197, vstest.console.dll, MulticastDelegateUtilities.SafeInvoke: TestRun.LogMessages: Invoking callback 1/1 for Microsoft.VisualStudio.TestPlatform.CommandLine.TestRunResultAggregator., took 0 ms.
TpTrace Information: 0 : 12952, 11, 2026/01/09, 23:07:15.287, 21759187612536, vstest.console.dll, TestRunRequest:SendTestRunMessage: Completed.
TpTrace Verbose: 0 : 12952, 11, 2026/01/09, 23:07:15.287, 21759187612770, vstest.console.dll, MulticastDelegateUtilities.SafeInvoke: LengthPrefixCommunicationChannel: MessageReceived: Invoking callback 1/1 for Microsoft.VisualStudio.TestPlatform.CommunicationUtilities.TestRequestSender+<>c__DisplayClass34_0., took 0 ms.
TpTrace Verbose: 0 : 12952, 11, 2026/01/09, 23:07:15.287, 21759187613033, vstest.console.dll, TcpClientExtensions.MessageLoopAsync: Polling on remoteEndPoint: 127.0.0.1:64866 localEndPoint: 127.0.0.1:64865 after 137 ms
TpTrace Verbose: 0 : 12952, 4, 2026/01/09, 23:07:15.287, 21759187614207, vstest.console.dll, MulticastDelegateUtilities.SafeInvoke: InternalTestLoggerEvents.SendTestRunMessage: Invoking callback 1/1 for Microsoft.VisualStudio.TestPlatform.CommandLine.Internal.MSBuildLogger., took 0 ms.
TpTrace Verbose: 0 : 12952, 11, 2026/01/09, 23:07:15.353, 21759188277935, vstest.console.dll, TcpClientExtensions.MessageLoopAsync: NotifyDataAvailable remoteEndPoint: 127.0.0.1:64866 localEndPoint: 127.0.0.1:64865
TpTrace Verbose: 0 : 12952, 11, 2026/01/09, 23:07:15.353, 21759188280764, vstest.console.dll, TestRequestSender.OnExecutionMessageReceived: Received message: {"Version":7,"MessageType":"TestSession.Message","Payload":{"MessageLevel":0,"Message":"[xUnit.net 00:00:00.07]   Discovering: DevTests"}}
TpTrace Verbose: 0 : 12952, 11, 2026/01/09, 23:07:15.354, 21759188283230, vstest.console.dll, TestRunRequest:SendTestRunMessage: Starting.
TpTrace Verbose: 0 : 12952, 11, 2026/01/09, 23:07:15.354, 21759188284541, vstest.console.dll, MulticastDelegateUtilities.SafeInvoke: TestRun.LogMessages: Invoking callback 1/1 for Microsoft.VisualStudio.TestPlatform.CommandLine.TestRunResultAggregator., took 0 ms.
TpTrace Information: 0 : 12952, 11, 2026/01/09, 23:07:15.354, 21759188284815, vstest.console.dll, TestRunRequest:SendTestRunMessage: Completed.
TpTrace Verbose: 0 : 12952, 11, 2026/01/09, 23:07:15.354, 21759188285026, vstest.console.dll, MulticastDelegateUtilities.SafeInvoke: LengthPrefixCommunicationChannel: MessageReceived: Invoking callback 1/1 for Microsoft.VisualStudio.TestPlatform.CommunicationUtilities.TestRequestSender+<>c__DisplayClass34_0., took 0 ms.
TpTrace Verbose: 0 : 12952, 11, 2026/01/09, 23:07:15.354, 21759188285341, vstest.console.dll, TcpClientExtensions.MessageLoopAsync: Polling on remoteEndPoint: 127.0.0.1:64866 localEndPoint: 127.0.0.1:64865 after 67 ms
TpTrace Verbose: 0 : 12952, 4, 2026/01/09, 23:07:15.354, 21759188286705, vstest.console.dll, MulticastDelegateUtilities.SafeInvoke: InternalTestLoggerEvents.SendTestRunMessage: Invoking callback 1/1 for Microsoft.VisualStudio.TestPlatform.CommandLine.Internal.MSBuildLogger., took 0 ms.
TpTrace Verbose: 0 : 12952, 11, 2026/01/09, 23:07:15.388, 21759188630897, vstest.console.dll, TcpClientExtensions.MessageLoopAsync: NotifyDataAvailable remoteEndPoint: 127.0.0.1:64866 localEndPoint: 127.0.0.1:64865
TpTrace Verbose: 0 : 12952, 11, 2026/01/09, 23:07:15.389, 21759188633381, vstest.console.dll, TestRequestSender.OnExecutionMessageReceived: Received message: {"Version":7,"MessageType":"TestSession.Message","Payload":{"MessageLevel":0,"Message":"[xUnit.net 00:00:00.10]   Discovered:  DevTests"}}
TpTrace Verbose: 0 : 12952, 11, 2026/01/09, 23:07:15.389, 21759188634972, vstest.console.dll, TestRunRequest:SendTestRunMessage: Starting.
TpTrace Verbose: 0 : 12952, 11, 2026/01/09, 23:07:15.389, 21759188635529, vstest.console.dll, MulticastDelegateUtilities.SafeInvoke: TestRun.LogMessages: Invoking callback 1/1 for Microsoft.VisualStudio.TestPlatform.CommandLine.TestRunResultAggregator., took 0 ms.
TpTrace Information: 0 : 12952, 11, 2026/01/09, 23:07:15.389, 21759188635777, vstest.console.dll, TestRunRequest:SendTestRunMessage: Completed.
TpTrace Verbose: 0 : 12952, 11, 2026/01/09, 23:07:15.389, 21759188636040, vstest.console.dll, MulticastDelegateUtilities.SafeInvoke: LengthPrefixCommunicationChannel: MessageReceived: Invoking callback 1/1 for Microsoft.VisualStudio.TestPlatform.CommunicationUtilities.TestRequestSender+<>c__DisplayClass34_0., took 0 ms.
TpTrace Verbose: 0 : 12952, 11, 2026/01/09, 23:07:15.389, 21759188636306, vstest.console.dll, TcpClientExtensions.MessageLoopAsync: Polling on remoteEndPoint: 127.0.0.1:64866 localEndPoint: 127.0.0.1:64865 after 35 ms
TpTrace Verbose: 0 : 12952, 4, 2026/01/09, 23:07:15.389, 21759188637275, vstest.console.dll, MulticastDelegateUtilities.SafeInvoke: InternalTestLoggerEvents.SendTestRunMessage: Invoking callback 1/1 for Microsoft.VisualStudio.TestPlatform.CommandLine.Internal.MSBuildLogger., took 0 ms.
TpTrace Verbose: 0 : 12952, 11, 2026/01/09, 23:07:15.408, 21759188828839, vstest.console.dll, TcpClientExtensions.MessageLoopAsync: NotifyDataAvailable remoteEndPoint: 127.0.0.1:64866 localEndPoint: 127.0.0.1:64865
TpTrace Verbose: 0 : 12952, 11, 2026/01/09, 23:07:15.409, 21759188831703, vstest.console.dll, TestRequestSender.OnExecutionMessageReceived: Received message: {"Version":7,"MessageType":"TestSession.Message","Payload":{"MessageLevel":0,"Message":"[xUnit.net 00:00:00.12]   Starting:    DevTests"}}
TpTrace Verbose: 0 : 12952, 11, 2026/01/09, 23:07:15.409, 21759188833811, vstest.console.dll, TestRunRequest:SendTestRunMessage: Starting.
TpTrace Verbose: 0 : 12952, 11, 2026/01/09, 23:07:15.409, 21759188834934, vstest.console.dll, MulticastDelegateUtilities.SafeInvoke: TestRun.LogMessages: Invoking callback 1/1 for Microsoft.VisualStudio.TestPlatform.CommandLine.TestRunResultAggregator., took 0 ms.
TpTrace Information: 0 : 12952, 11, 2026/01/09, 23:07:15.409, 21759188835439, vstest.console.dll, TestRunRequest:SendTestRunMessage: Completed.
TpTrace Verbose: 0 : 12952, 11, 2026/01/09, 23:07:15.409, 21759188835783, vstest.console.dll, MulticastDelegateUtilities.SafeInvoke: LengthPrefixCommunicationChannel: MessageReceived: Invoking callback 1/1 for Microsoft.VisualStudio.TestPlatform.CommunicationUtilities.TestRequestSender+<>c__DisplayClass34_0., took 0 ms.
TpTrace Verbose: 0 : 12952, 11, 2026/01/09, 23:07:15.409, 21759188836153, vstest.console.dll, TcpClientExtensions.MessageLoopAsync: Polling on remoteEndPoint: 127.0.0.1:64866 localEndPoint: 127.0.0.1:64865 after 19 ms
TpTrace Verbose: 0 : 12952, 4, 2026/01/09, 23:07:15.409, 21759188836725, vstest.console.dll, MulticastDelegateUtilities.SafeInvoke: InternalTestLoggerEvents.SendTestRunMessage: Invoking callback 1/1 for Microsoft.VisualStudio.TestPlatform.CommandLine.Internal.MSBuildLogger., took 0 ms.
TpTrace Verbose: 0 : 12952, 11, 2026/01/09, 23:07:15.603, 21759190772226, vstest.console.dll, TcpClientExtensions.MessageLoopAsync: NotifyDataAvailable remoteEndPoint: 127.0.0.1:64866 localEndPoint: 127.0.0.1:64865
TpTrace Verbose: 0 : 12952, 11, 2026/01/09, 23:07:15.603, 21759190774851, vstest.console.dll, TestRequestSender.OnExecutionMessageReceived: Received message: {"Version":7,"MessageType":"TestSession.Message","Payload":{"MessageLevel":2,"Message":"[xUnit.net 00:00:00.32]     DevTests.IntegrationTests.GetOrderByIdEndpoints_Tests.PostOrders_ShouldCreateOrder [FAIL]"}}
TpTrace Verbose: 0 : 12952, 11, 2026/01/09, 23:07:15.603, 21759190776506, vstest.console.dll, TestRunRequest:SendTestRunMessage: Starting.
TpTrace Verbose: 0 : 12952, 11, 2026/01/09, 23:07:15.603, 21759190777168, vstest.console.dll, MulticastDelegateUtilities.SafeInvoke: TestRun.LogMessages: Invoking callback 1/1 for Microsoft.VisualStudio.TestPlatform.CommandLine.TestRunResultAggregator., took 0 ms.
TpTrace Information: 0 : 12952, 11, 2026/01/09, 23:07:15.603, 21759190778406, vstest.console.dll, TestRunRequest:SendTestRunMessage: Completed.
TpTrace Verbose: 0 : 12952, 11, 2026/01/09, 23:07:15.603, 21759190778963, vstest.console.dll, MulticastDelegateUtilities.SafeInvoke: LengthPrefixCommunicationChannel: MessageReceived: Invoking callback 1/1 for Microsoft.VisualStudio.TestPlatform.CommunicationUtilities.TestRequestSender+<>c__DisplayClass34_0., took 0 ms.
TpTrace Verbose: 0 : 12952, 11, 2026/01/09, 23:07:15.603, 21759190779388, vstest.console.dll, TcpClientExtensions.MessageLoopAsync: Polling on remoteEndPoint: 127.0.0.1:64866 localEndPoint: 127.0.0.1:64865 after 194 ms
TpTrace Verbose: 0 : 12952, 4, 2026/01/09, 23:07:15.603, 21759190779403, vstest.console.dll, MulticastDelegateUtilities.SafeInvoke: InternalTestLoggerEvents.SendTestRunMessage: Invoking callback 1/1 for Microsoft.VisualStudio.TestPlatform.CommandLine.Internal.MSBuildLogger., took 0 ms.
TpTrace Verbose: 0 : 12952, 11, 2026/01/09, 23:07:15.603, 21759190780011, vstest.console.dll, TcpClientExtensions.MessageLoopAsync: NotifyDataAvailable remoteEndPoint: 127.0.0.1:64866 localEndPoint: 127.0.0.1:64865
TpTrace Verbose: 0 : 12952, 11, 2026/01/09, 23:07:15.604, 21759190782712, vstest.console.dll, TestRequestSender.OnExecutionMessageReceived: Received message: {"Version":7,"MessageType":"TestSession.Message","Payload":{"MessageLevel":0,"Message":"[xUnit.net 00:00:00.32]       System.InvalidOperationException : A call was made to 'UseLoggerFactory', but Entity Framework is not building its own internal service provider. Either allow Entity Framework to build the service provider by removing the call to 'UseInternalServiceProvider', or build the 'ILoggerFactory' services to use into the service provider before passing it to 'UseInternalServiceProvider'."}}
TpTrace Verbose: 0 : 12952, 11, 2026/01/09, 23:07:15.604, 21759190783825, vstest.console.dll, TestRunRequest:SendTestRunMessage: Starting.
TpTrace Verbose: 0 : 12952, 11, 2026/01/09, 23:07:15.604, 21759190784323, vstest.console.dll, MulticastDelegateUtilities.SafeInvoke: TestRun.LogMessages: Invoking callback 1/1 for Microsoft.VisualStudio.TestPlatform.CommandLine.TestRunResultAggregator., took 0 ms.
TpTrace Information: 0 : 12952, 11, 2026/01/09, 23:07:15.604, 21759190784650, vstest.console.dll, TestRunRequest:SendTestRunMessage: Completed.
TpTrace Verbose: 0 : 12952, 11, 2026/01/09, 23:07:15.604, 21759190784875, vstest.console.dll, MulticastDelegateUtilities.SafeInvoke: LengthPrefixCommunicationChannel: MessageReceived: Invoking callback 1/1 for Microsoft.VisualStudio.TestPlatform.CommunicationUtilities.TestRequestSender+<>c__DisplayClass34_0., took 0 ms.
TpTrace Verbose: 0 : 12952, 11, 2026/01/09, 23:07:15.604, 21759190785097, vstest.console.dll, TcpClientExtensions.MessageLoopAsync: Polling on remoteEndPoint: 127.0.0.1:64866 localEndPoint: 127.0.0.1:64865 after 0 ms
TpTrace Verbose: 0 : 12952, 11, 2026/01/09, 23:07:15.604, 21759190786263, vstest.console.dll, TcpClientExtensions.MessageLoopAsync: NotifyDataAvailable remoteEndPoint: 127.0.0.1:64866 localEndPoint: 127.0.0.1:64865
TpTrace Verbose: 0 : 12952, 4, 2026/01/09, 23:07:15.604, 21759190786704, vstest.console.dll, MulticastDelegateUtilities.SafeInvoke: InternalTestLoggerEvents.SendTestRunMessage: Invoking callback 1/1 for Microsoft.VisualStudio.TestPlatform.CommandLine.Internal.MSBuildLogger., took 0 ms.
TpTrace Verbose: 0 : 12952, 11, 2026/01/09, 23:07:15.604, 21759190787125, vstest.console.dll, TestRequestSender.OnExecutionMessageReceived: Received message: {"Version":7,"MessageType":"TestSession.Message","Payload":{"MessageLevel":0,"Message":"[xUnit.net 00:00:00.32]       Stack Trace:"}}
TpTrace Verbose: 0 : 12952, 11, 2026/01/09, 23:07:15.604, 21759190788355, vstest.console.dll, TestRunRequest:SendTestRunMessage: Starting.
TpTrace Verbose: 0 : 12952, 11, 2026/01/09, 23:07:15.604, 21759190788827, vstest.console.dll, MulticastDelegateUtilities.SafeInvoke: TestRun.LogMessages: Invoking callback 1/1 for Microsoft.VisualStudio.TestPlatform.CommandLine.TestRunResultAggregator., took 0 ms.
TpTrace Information: 0 : 12952, 11, 2026/01/09, 23:07:15.604, 21759190789148, vstest.console.dll, TestRunRequest:SendTestRunMessage: Completed.
TpTrace Verbose: 0 : 12952, 11, 2026/01/09, 23:07:15.604, 21759190789393, vstest.console.dll, MulticastDelegateUtilities.SafeInvoke: LengthPrefixCommunicationChannel: MessageReceived: Invoking callback 1/1 for Microsoft.VisualStudio.TestPlatform.CommunicationUtilities.TestRequestSender+<>c__DisplayClass34_0., took 0 ms.
TpTrace Verbose: 0 : 12952, 11, 2026/01/09, 23:07:15.604, 21759190790159, vstest.console.dll, TcpClientExtensions.MessageLoopAsync: Polling on remoteEndPoint: 127.0.0.1:64866 localEndPoint: 127.0.0.1:64865 after 0 ms
TpTrace Verbose: 0 : 12952, 4, 2026/01/09, 23:07:15.604, 21759190791073, vstest.console.dll, MulticastDelegateUtilities.SafeInvoke: InternalTestLoggerEvents.SendTestRunMessage: Invoking callback 1/1 for Microsoft.VisualStudio.TestPlatform.CommandLine.Internal.MSBuildLogger., took 0 ms.
TpTrace Verbose: 0 : 12952, 11, 2026/01/09, 23:07:15.605, 21759190793489, vstest.console.dll, TcpClientExtensions.MessageLoopAsync: NotifyDataAvailable remoteEndPoint: 127.0.0.1:64866 localEndPoint: 127.0.0.1:64865
TpTrace Verbose: 0 : 12952, 11, 2026/01/09, 23:07:15.605, 21759190794689, vstest.console.dll, TestRequestSender.OnExecutionMessageReceived: Received message: {"Version":7,"MessageType":"TestSession.Message","Payload":{"MessageLevel":0,"Message":"[xUnit.net 00:00:00.32]            at Microsoft.EntityFrameworkCore.Infrastructure.CoreOptionsExtension.Validate(IDbContextOptions options)"}}
TpTrace Verbose: 0 : 12952, 11, 2026/01/09, 23:07:15.605, 21759190795382, vstest.console.dll, TestRunRequest:SendTestRunMessage: Starting.
TpTrace Verbose: 0 : 12952, 11, 2026/01/09, 23:07:15.605, 21759190795824, vstest.console.dll, MulticastDelegateUtilities.SafeInvoke: TestRun.LogMessages: Invoking callback 1/1 for Microsoft.VisualStudio.TestPlatform.CommandLine.TestRunResultAggregator., took 0 ms.
TpTrace Verbose: 0 : 12952, 4, 2026/01/09, 23:07:15.605, 21759190796666, vstest.console.dll, MulticastDelegateUtilities.SafeInvoke: InternalTestLoggerEvents.SendTestRunMessage: Invoking callback 1/1 for Microsoft.VisualStudio.TestPlatform.CommandLine.Internal.MSBuildLogger., took 0 ms.
TpTrace Information: 0 : 12952, 11, 2026/01/09, 23:07:15.605, 21759190796829, vstest.console.dll, TestRunRequest:SendTestRunMessage: Completed.
TpTrace Verbose: 0 : 12952, 11, 2026/01/09, 23:07:15.605, 21759190799006, vstest.console.dll, MulticastDelegateUtilities.SafeInvoke: LengthPrefixCommunicationChannel: MessageReceived: Invoking callback 1/1 for Microsoft.VisualStudio.TestPlatform.CommunicationUtilities.TestRequestSender+<>c__DisplayClass34_0., took 0 ms.
TpTrace Verbose: 0 : 12952, 11, 2026/01/09, 23:07:15.605, 21759190799350, vstest.console.dll, TcpClientExtensions.MessageLoopAsync: Polling on remoteEndPoint: 127.0.0.1:64866 localEndPoint: 127.0.0.1:64865 after 0 ms
TpTrace Verbose: 0 : 12952, 11, 2026/01/09, 23:07:15.605, 21759190800770, vstest.console.dll, TcpClientExtensions.MessageLoopAsync: NotifyDataAvailable remoteEndPoint: 127.0.0.1:64866 localEndPoint: 127.0.0.1:64865
TpTrace Verbose: 0 : 12952, 11, 2026/01/09, 23:07:15.606, 21759190801570, vstest.console.dll, TestRequestSender.OnExecutionMessageReceived: Received message: {"Version":7,"MessageType":"TestSession.Message","Payload":{"MessageLevel":0,"Message":"[xUnit.net 00:00:00.32]            at Microsoft.EntityFrameworkCore.Internal.ServiceProviderCache.ValidateOptions(IDbContextOptions options)"}}
TpTrace Verbose: 0 : 12952, 11, 2026/01/09, 23:07:15.606, 21759190802102, vstest.console.dll, TestRunRequest:SendTestRunMessage: Starting.
TpTrace Verbose: 0 : 12952, 11, 2026/01/09, 23:07:15.606, 21759190802453, vstest.console.dll, MulticastDelegateUtilities.SafeInvoke: TestRun.LogMessages: Invoking callback 1/1 for Microsoft.VisualStudio.TestPlatform.CommandLine.TestRunResultAggregator., took 0 ms.
TpTrace Information: 0 : 12952, 11, 2026/01/09, 23:07:15.606, 21759190802725, vstest.console.dll, TestRunRequest:SendTestRunMessage: Completed.
TpTrace Verbose: 0 : 12952, 11, 2026/01/09, 23:07:15.606, 21759190802894, vstest.console.dll, MulticastDelegateUtilities.SafeInvoke: LengthPrefixCommunicationChannel: MessageReceived: Invoking callback 1/1 for Microsoft.VisualStudio.TestPlatform.CommunicationUtilities.TestRequestSender+<>c__DisplayClass34_0., took 0 ms.
TpTrace Verbose: 0 : 12952, 4, 2026/01/09, 23:07:15.606, 21759190803351, vstest.console.dll, MulticastDelegateUtilities.SafeInvoke: InternalTestLoggerEvents.SendTestRunMessage: Invoking callback 1/1 for Microsoft.VisualStudio.TestPlatform.CommandLine.Internal.MSBuildLogger., took 0 ms.
TpTrace Verbose: 0 : 12952, 11, 2026/01/09, 23:07:15.606, 21759190803456, vstest.console.dll, TcpClientExtensions.MessageLoopAsync: Polling on remoteEndPoint: 127.0.0.1:64866 localEndPoint: 127.0.0.1:64865 after 0 ms
TpTrace Verbose: 0 : 12952, 11, 2026/01/09, 23:07:15.606, 21759190804661, vstest.console.dll, TcpClientExtensions.MessageLoopAsync: NotifyDataAvailable remoteEndPoint: 127.0.0.1:64866 localEndPoint: 127.0.0.1:64865
TpTrace Verbose: 0 : 12952, 11, 2026/01/09, 23:07:15.606, 21759190805122, vstest.console.dll, TestRequestSender.OnExecutionMessageReceived: Received message: {"Version":7,"MessageType":"TestSession.Message","Payload":{"MessageLevel":0,"Message":"[xUnit.net 00:00:00.32]            at Microsoft.EntityFrameworkCore.Internal.ServiceProviderCache.GetOrAdd(IDbContextOptions options, Boolean providerRequired)"}}
TpTrace Verbose: 0 : 12952, 11, 2026/01/09, 23:07:15.606, 21759190806221, vstest.console.dll, TestRunRequest:SendTestRunMessage: Starting.
TpTrace Verbose: 0 : 12952, 11, 2026/01/09, 23:07:15.606, 21759190807262, vstest.console.dll, MulticastDelegateUtilities.SafeInvoke: TestRun.LogMessages: Invoking callback 1/1 for Microsoft.VisualStudio.TestPlatform.CommandLine.TestRunResultAggregator., took 0 ms.
TpTrace Information: 0 : 12952, 11, 2026/01/09, 23:07:15.606, 21759190807573, vstest.console.dll, TestRunRequest:SendTestRunMessage: Completed.
TpTrace Verbose: 0 : 12952, 4, 2026/01/09, 23:07:15.606, 21759190807542, vstest.console.dll, MulticastDelegateUtilities.SafeInvoke: InternalTestLoggerEvents.SendTestRunMessage: Invoking callback 1/1 for Microsoft.VisualStudio.TestPlatform.CommandLine.Internal.MSBuildLogger., took 0 ms.
TpTrace Verbose: 0 : 12952, 11, 2026/01/09, 23:07:15.606, 21759190808364, vstest.console.dll, MulticastDelegateUtilities.SafeInvoke: LengthPrefixCommunicationChannel: MessageReceived: Invoking callback 1/1 for Microsoft.VisualStudio.TestPlatform.CommunicationUtilities.TestRequestSender+<>c__DisplayClass34_0., took 0 ms.
TpTrace Verbose: 0 : 12952, 11, 2026/01/09, 23:07:15.606, 21759190808671, vstest.console.dll, TcpClientExtensions.MessageLoopAsync: Polling on remoteEndPoint: 127.0.0.1:64866 localEndPoint: 127.0.0.1:64865 after 0 ms
TpTrace Verbose: 0 : 12952, 11, 2026/01/09, 23:07:15.606, 21759190808935, vstest.console.dll, TcpClientExtensions.MessageLoopAsync: NotifyDataAvailable remoteEndPoint: 127.0.0.1:64866 localEndPoint: 127.0.0.1:64865
TpTrace Verbose: 0 : 12952, 11, 2026/01/09, 23:07:15.606, 21759190809330, vstest.console.dll, TestRequestSender.OnExecutionMessageReceived: Received message: {"Version":7,"MessageType":"TestSession.Message","Payload":{"MessageLevel":0,"Message":"[xUnit.net 00:00:00.32]            at Microsoft.EntityFrameworkCore.DbContext..ctor(DbContextOptions options)"}}
TpTrace Verbose: 0 : 12952, 11, 2026/01/09, 23:07:15.606, 21759190809861, vstest.console.dll, TestRunRequest:SendTestRunMessage: Starting.
TpTrace Verbose: 0 : 12952, 11, 2026/01/09, 23:07:15.606, 21759190810219, vstest.console.dll, MulticastDelegateUtilities.SafeInvoke: TestRun.LogMessages: Invoking callback 1/1 for Microsoft.VisualStudio.TestPlatform.CommandLine.TestRunResultAggregator., took 0 ms.
TpTrace Information: 0 : 12952, 11, 2026/01/09, 23:07:15.606, 21759190810521, vstest.console.dll, TestRunRequest:SendTestRunMessage: Completed.
TpTrace Verbose: 0 : 12952, 11, 2026/01/09, 23:07:15.606, 21759190810748, vstest.console.dll, MulticastDelegateUtilities.SafeInvoke: LengthPrefixCommunicationChannel: MessageReceived: Invoking callback 1/1 for Microsoft.VisualStudio.TestPlatform.CommunicationUtilities.TestRequestSender+<>c__DisplayClass34_0., took 0 ms.
TpTrace Verbose: 0 : 12952, 11, 2026/01/09, 23:07:15.606, 21759190810918, vstest.console.dll, TcpClientExtensions.MessageLoopAsync: Polling on remoteEndPoint: 127.0.0.1:64866 localEndPoint: 127.0.0.1:64865 after 0 ms
TpTrace Verbose: 0 : 12952, 4, 2026/01/09, 23:07:15.606, 21759190811067, vstest.console.dll, MulticastDelegateUtilities.SafeInvoke: InternalTestLoggerEvents.SendTestRunMessage: Invoking callback 1/1 for Microsoft.VisualStudio.TestPlatform.CommandLine.Internal.MSBuildLogger., took 0 ms.
TpTrace Verbose: 0 : 12952, 11, 2026/01/09, 23:07:15.606, 21759190811517, vstest.console.dll, TcpClientExtensions.MessageLoopAsync: NotifyDataAvailable remoteEndPoint: 127.0.0.1:64866 localEndPoint: 127.0.0.1:64865
TpTrace Verbose: 0 : 12952, 11, 2026/01/09, 23:07:15.607, 21759190813090, vstest.console.dll, TestRequestSender.OnExecutionMessageReceived: Received message: {"Version":7,"MessageType":"TestSession.Message","Payload":{"MessageLevel":0,"Message":"[xUnit.net 00:00:00.32]         C:\\src\\github\\alex-horvath-net\\ModularMonolith\\src\\Experts\\OrderBusinessExpert\\Shared\\Infrastructure\\Data\\OrdersDbContext.cs(7,0): at Experts.OrderBusinessExpert.Shared.Infrastructure.Data.OrdersDbContext..ctor(DbContextOptions`1 options)"}}
TpTrace Verbose: 0 : 12952, 11, 2026/01/09, 23:07:15.607, 21759190813682, vstest.console.dll, TestRunRequest:SendTestRunMessage: Starting.
TpTrace Verbose: 0 : 12952, 11, 2026/01/09, 23:07:15.607, 21759190814021, vstest.console.dll, MulticastDelegateUtilities.SafeInvoke: TestRun.LogMessages: Invoking callback 1/1 for Microsoft.VisualStudio.TestPlatform.CommandLine.TestRunResultAggregator., took 0 ms.
TpTrace Information: 0 : 12952, 11, 2026/01/09, 23:07:15.607, 21759190814238, vstest.console.dll, TestRunRequest:SendTestRunMessage: Completed.
TpTrace Verbose: 0 : 12952, 11, 2026/01/09, 23:07:15.607, 21759190814446, vstest.console.dll, MulticastDelegateUtilities.SafeInvoke: LengthPrefixCommunicationChannel: MessageReceived: Invoking callback 1/1 for Microsoft.VisualStudio.TestPlatform.CommunicationUtilities.TestRequestSender+<>c__DisplayClass34_0., took 0 ms.
TpTrace Verbose: 0 : 12952, 4, 2026/01/09, 23:07:15.607, 21759190814478, vstest.console.dll, MulticastDelegateUtilities.SafeInvoke: InternalTestLoggerEvents.SendTestRunMessage: Invoking callback 1/1 for Microsoft.VisualStudio.TestPlatform.CommandLine.Internal.MSBuildLogger., took 0 ms.
TpTrace Verbose: 0 : 12952, 11, 2026/01/09, 23:07:15.607, 21759190815584, vstest.console.dll, TcpClientExtensions.MessageLoopAsync: Polling on remoteEndPoint: 127.0.0.1:64866 localEndPoint: 127.0.0.1:64865 after 0 ms
TpTrace Verbose: 0 : 12952, 11, 2026/01/09, 23:07:15.607, 21759190816062, vstest.console.dll, TcpClientExtensions.MessageLoopAsync: NotifyDataAvailable remoteEndPoint: 127.0.0.1:64866 localEndPoint: 127.0.0.1:64865
TpTrace Verbose: 0 : 12952, 11, 2026/01/09, 23:07:15.607, 21759190816505, vstest.console.dll, TestRequestSender.OnExecutionMessageReceived: Received message: {"Version":7,"MessageType":"TestSession.Message","Payload":{"MessageLevel":0,"Message":"[xUnit.net 00:00:00.32]            at System.RuntimeMethodHandle.InvokeMethod(Object target, Void** arguments, Signature sig, Boolean isConstructor)"}}
TpTrace Verbose: 0 : 12952, 11, 2026/01/09, 23:07:15.607, 21759190817195, vstest.console.dll, TestRunRequest:SendTestRunMessage: Starting.
TpTrace Verbose: 0 : 12952, 11, 2026/01/09, 23:07:15.607, 21759190817598, vstest.console.dll, MulticastDelegateUtilities.SafeInvoke: TestRun.LogMessages: Invoking callback 1/1 for Microsoft.VisualStudio.TestPlatform.CommandLine.TestRunResultAggregator., took 0 ms.
TpTrace Information: 0 : 12952, 11, 2026/01/09, 23:07:15.607, 21759190817862, vstest.console.dll, TestRunRequest:SendTestRunMessage: Completed.
TpTrace Verbose: 0 : 12952, 11, 2026/01/09, 23:07:15.607, 21759190818144, vstest.console.dll, MulticastDelegateUtilities.SafeInvoke: LengthPrefixCommunicationChannel: MessageReceived: Invoking callback 1/1 for Microsoft.VisualStudio.TestPlatform.CommunicationUtilities.TestRequestSender+<>c__DisplayClass34_0., took 0 ms.
TpTrace Verbose: 0 : 12952, 4, 2026/01/09, 23:07:15.607, 21759190818362, vstest.console.dll, MulticastDelegateUtilities.SafeInvoke: InternalTestLoggerEvents.SendTestRunMessage: Invoking callback 1/1 for Microsoft.VisualStudio.TestPlatform.CommandLine.Internal.MSBuildLogger., took 0 ms.
TpTrace Verbose: 0 : 12952, 11, 2026/01/09, 23:07:15.607, 21759190820031, vstest.console.dll, TcpClientExtensions.MessageLoopAsync: Polling on remoteEndPoint: 127.0.0.1:64866 localEndPoint: 127.0.0.1:64865 after 0 ms
TpTrace Verbose: 0 : 12952, 11, 2026/01/09, 23:07:15.607, 21759190821480, vstest.console.dll, TcpClientExtensions.MessageLoopAsync: NotifyDataAvailable remoteEndPoint: 127.0.0.1:64866 localEndPoint: 127.0.0.1:64865
TpTrace Verbose: 0 : 12952, 11, 2026/01/09, 23:07:15.608, 21759190821984, vstest.console.dll, TestRequestSender.OnExecutionMessageReceived: Received message: {"Version":7,"MessageType":"TestSession.Message","Payload":{"MessageLevel":0,"Message":"[xUnit.net 00:00:00.32]            at System.Reflection.MethodBaseInvoker.InvokeDirectByRefWithFewArgs(Object obj, Span`1 copyOfArgs, BindingFlags invokeAttr)"}}
TpTrace Verbose: 0 : 12952, 11, 2026/01/09, 23:07:15.608, 21759190822684, vstest.console.dll, TestRunRequest:SendTestRunMessage: Starting.
TpTrace Verbose: 0 : 12952, 11, 2026/01/09, 23:07:15.608, 21759190823109, vstest.console.dll, MulticastDelegateUtilities.SafeInvoke: TestRun.LogMessages: Invoking callback 1/1 for Microsoft.VisualStudio.TestPlatform.CommandLine.TestRunResultAggregator., took 0 ms.
TpTrace Information: 0 : 12952, 11, 2026/01/09, 23:07:15.608, 21759190823428, vstest.console.dll, TestRunRequest:SendTestRunMessage: Completed.
TpTrace Verbose: 0 : 12952, 11, 2026/01/09, 23:07:15.608, 21759190823864, vstest.console.dll, MulticastDelegateUtilities.SafeInvoke: LengthPrefixCommunicationChannel: MessageReceived: Invoking callback 1/1 for Microsoft.VisualStudio.TestPlatform.CommunicationUtilities.TestRequestSender+<>c__DisplayClass34_0., took 0 ms.
TpTrace Verbose: 0 : 12952, 11, 2026/01/09, 23:07:15.608, 21759190824139, vstest.console.dll, TcpClientExtensions.MessageLoopAsync: Polling on remoteEndPoint: 127.0.0.1:64866 localEndPoint: 127.0.0.1:64865 after 0 ms
TpTrace Verbose: 0 : 12952, 4, 2026/01/09, 23:07:15.608, 21759190824087, vstest.console.dll, MulticastDelegateUtilities.SafeInvoke: InternalTestLoggerEvents.SendTestRunMessage: Invoking callback 1/1 for Microsoft.VisualStudio.TestPlatform.CommandLine.Internal.MSBuildLogger., took 0 ms.
TpTrace Verbose: 0 : 12952, 11, 2026/01/09, 23:07:15.608, 21759190825287, vstest.console.dll, TcpClientExtensions.MessageLoopAsync: NotifyDataAvailable remoteEndPoint: 127.0.0.1:64866 localEndPoint: 127.0.0.1:64865
TpTrace Verbose: 0 : 12952, 11, 2026/01/09, 23:07:15.608, 21759190826543, vstest.console.dll, TestRequestSender.OnExecutionMessageReceived: Received message: {"Version":7,"MessageType":"TestSession.Message","Payload":{"MessageLevel":0,"Message":"[xUnit.net 00:00:00.32]            at System.Reflection.MethodBaseInvoker.InvokeWithOneArg(Object obj, BindingFlags invokeAttr, Binder binder, Object[] parameters, CultureInfo culture)"}}
TpTrace Verbose: 0 : 12952, 11, 2026/01/09, 23:07:15.608, 21759190827481, vstest.console.dll, TestRunRequest:SendTestRunMessage: Starting.
TpTrace Verbose: 0 : 12952, 11, 2026/01/09, 23:07:15.608, 21759190828097, vstest.console.dll, MulticastDelegateUtilities.SafeInvoke: TestRun.LogMessages: Invoking callback 1/1 for Microsoft.VisualStudio.TestPlatform.CommandLine.TestRunResultAggregator., took 0 ms.
TpTrace Information: 0 : 12952, 11, 2026/01/09, 23:07:15.608, 21759190828485, vstest.console.dll, TestRunRequest:SendTestRunMessage: Completed.
TpTrace Verbose: 0 : 12952, 4, 2026/01/09, 23:07:15.608, 21759190828722, vstest.console.dll, MulticastDelegateUtilities.SafeInvoke: InternalTestLoggerEvents.SendTestRunMessage: Invoking callback 1/1 for Microsoft.VisualStudio.TestPlatform.CommandLine.Internal.MSBuildLogger., took 0 ms.
TpTrace Verbose: 0 : 12952, 11, 2026/01/09, 23:07:15.608, 21759190828831, vstest.console.dll, MulticastDelegateUtilities.SafeInvoke: LengthPrefixCommunicationChannel: MessageReceived: Invoking callback 1/1 for Microsoft.VisualStudio.TestPlatform.CommunicationUtilities.TestRequestSender+<>c__DisplayClass34_0., took 0 ms.
TpTrace Verbose: 0 : 12952, 11, 2026/01/09, 23:07:15.608, 21759190830169, vstest.console.dll, TcpClientExtensions.MessageLoopAsync: Polling on remoteEndPoint: 127.0.0.1:64866 localEndPoint: 127.0.0.1:64865 after 0 ms
TpTrace Verbose: 0 : 12952, 11, 2026/01/09, 23:07:15.608, 21759190830759, vstest.console.dll, TcpClientExtensions.MessageLoopAsync: NotifyDataAvailable remoteEndPoint: 127.0.0.1:64866 localEndPoint: 127.0.0.1:64865
TpTrace Verbose: 0 : 12952, 11, 2026/01/09, 23:07:15.608, 21759190831232, vstest.console.dll, TestRequestSender.OnExecutionMessageReceived: Received message: {"Version":7,"MessageType":"TestSession.Message","Payload":{"MessageLevel":0,"Message":"[xUnit.net 00:00:00.32]            at System.Reflection.RuntimeConstructorInfo.Invoke(BindingFlags invokeAttr, Binder binder, Object[] parameters, CultureInfo culture)"}}
TpTrace Verbose: 0 : 12952, 11, 2026/01/09, 23:07:15.609, 21759190831848, vstest.console.dll, TestRunRequest:SendTestRunMessage: Starting.
TpTrace Verbose: 0 : 12952, 11, 2026/01/09, 23:07:15.609, 21759190832206, vstest.console.dll, MulticastDelegateUtilities.SafeInvoke: TestRun.LogMessages: Invoking callback 1/1 for Microsoft.VisualStudio.TestPlatform.CommandLine.TestRunResultAggregator., took 0 ms.
TpTrace Information: 0 : 12952, 11, 2026/01/09, 23:07:15.609, 21759190832965, vstest.console.dll, TestRunRequest:SendTestRunMessage: Completed.
TpTrace Verbose: 0 : 12952, 4, 2026/01/09, 23:07:15.609, 21759190833160, vstest.console.dll, MulticastDelegateUtilities.SafeInvoke: InternalTestLoggerEvents.SendTestRunMessage: Invoking callback 1/1 for Microsoft.VisualStudio.TestPlatform.CommandLine.Internal.MSBuildLogger., took 0 ms.
TpTrace Verbose: 0 : 12952, 11, 2026/01/09, 23:07:15.609, 21759190833583, vstest.console.dll, MulticastDelegateUtilities.SafeInvoke: LengthPrefixCommunicationChannel: MessageReceived: Invoking callback 1/1 for Microsoft.VisualStudio.TestPlatform.CommunicationUtilities.TestRequestSender+<>c__DisplayClass34_0., took 0 ms.
TpTrace Verbose: 0 : 12952, 11, 2026/01/09, 23:07:15.609, 21759190834303, vstest.console.dll, TcpClientExtensions.MessageLoopAsync: Polling on remoteEndPoint: 127.0.0.1:64866 localEndPoint: 127.0.0.1:64865 after 0 ms
TpTrace Verbose: 0 : 12952, 11, 2026/01/09, 23:07:15.609, 21759190834688, vstest.console.dll, TcpClientExtensions.MessageLoopAsync: NotifyDataAvailable remoteEndPoint: 127.0.0.1:64866 localEndPoint: 127.0.0.1:64865
TpTrace Verbose: 0 : 12952, 11, 2026/01/09, 23:07:15.609, 21759190835167, vstest.console.dll, TestRequestSender.OnExecutionMessageReceived: Received message: {"Version":7,"MessageType":"TestSession.Message","Payload":{"MessageLevel":0,"Message":"[xUnit.net 00:00:00.32]            at Microsoft.Extensions.DependencyInjection.ServiceLookup.CallSiteRuntimeResolver.VisitConstructor(ConstructorCallSite constructorCallSite, RuntimeResolverContext context)"}}
TpTrace Verbose: 0 : 12952, 11, 2026/01/09, 23:07:15.609, 21759190835973, vstest.console.dll, TestRunRequest:SendTestRunMessage: Starting.
TpTrace Verbose: 0 : 12952, 11, 2026/01/09, 23:07:15.609, 21759190836445, vstest.console.dll, MulticastDelegateUtilities.SafeInvoke: TestRun.LogMessages: Invoking callback 1/1 for Microsoft.VisualStudio.TestPlatform.CommandLine.TestRunResultAggregator., took 0 ms.
TpTrace Information: 0 : 12952, 11, 2026/01/09, 23:07:15.609, 21759190837310, vstest.console.dll, TestRunRequest:SendTestRunMessage: Completed.
TpTrace Verbose: 0 : 12952, 4, 2026/01/09, 23:07:15.609, 21759190837358, vstest.console.dll, MulticastDelegateUtilities.SafeInvoke: InternalTestLoggerEvents.SendTestRunMessage: Invoking callback 1/1 for Microsoft.VisualStudio.TestPlatform.CommandLine.Internal.MSBuildLogger., took 0 ms.
TpTrace Verbose: 0 : 12952, 11, 2026/01/09, 23:07:15.609, 21759190838141, vstest.console.dll, MulticastDelegateUtilities.SafeInvoke: LengthPrefixCommunicationChannel: MessageReceived: Invoking callback 1/1 for Microsoft.VisualStudio.TestPlatform.CommunicationUtilities.TestRequestSender+<>c__DisplayClass34_0., took 0 ms.
TpTrace Verbose: 0 : 12952, 11, 2026/01/09, 23:07:15.609, 21759190838600, vstest.console.dll, TcpClientExtensions.MessageLoopAsync: Polling on remoteEndPoint: 127.0.0.1:64866 localEndPoint: 127.0.0.1:64865 after 0 ms
TpTrace Verbose: 0 : 12952, 11, 2026/01/09, 23:07:15.609, 21759190838996, vstest.console.dll, TcpClientExtensions.MessageLoopAsync: NotifyDataAvailable remoteEndPoint: 127.0.0.1:64866 localEndPoint: 127.0.0.1:64865
TpTrace Verbose: 0 : 12952, 11, 2026/01/09, 23:07:15.609, 21759190839499, vstest.console.dll, TestRequestSender.OnExecutionMessageReceived: Received message: {"Version":7,"MessageType":"TestSession.Message","Payload":{"MessageLevel":0,"Message":"[xUnit.net 00:00:00.32]            at Microsoft.Extensions.DependencyInjection.ServiceLookup.CallSiteVisitor`2.VisitCallSiteMain(ServiceCallSite callSite, TArgument argument)"}}
TpTrace Verbose: 0 : 12952, 11, 2026/01/09, 23:07:15.609, 21759190840072, vstest.console.dll, TestRunRequest:SendTestRunMessage: Starting.
TpTrace Verbose: 0 : 12952, 11, 2026/01/09, 23:07:15.609, 21759190840430, vstest.console.dll, MulticastDelegateUtilities.SafeInvoke: TestRun.LogMessages: Invoking callback 1/1 for Microsoft.VisualStudio.TestPlatform.CommandLine.TestRunResultAggregator., took 0 ms.
TpTrace Information: 0 : 12952, 11, 2026/01/09, 23:07:15.609, 21759190840713, vstest.console.dll, TestRunRequest:SendTestRunMessage: Completed.
TpTrace Verbose: 0 : 12952, 11, 2026/01/09, 23:07:15.609, 21759190840898, vstest.console.dll, MulticastDelegateUtilities.SafeInvoke: LengthPrefixCommunicationChannel: MessageReceived: Invoking callback 1/1 for Microsoft.VisualStudio.TestPlatform.CommunicationUtilities.TestRequestSender+<>c__DisplayClass34_0., took 0 ms.
TpTrace Verbose: 0 : 12952, 11, 2026/01/09, 23:07:15.609, 21759190841063, vstest.console.dll, TcpClientExtensions.MessageLoopAsync: Polling on remoteEndPoint: 127.0.0.1:64866 localEndPoint: 127.0.0.1:64865 after 0 ms
TpTrace Verbose: 0 : 12952, 4, 2026/01/09, 23:07:15.609, 21759190841120, vstest.console.dll, MulticastDelegateUtilities.SafeInvoke: InternalTestLoggerEvents.SendTestRunMessage: Invoking callback 1/1 for Microsoft.VisualStudio.TestPlatform.CommandLine.Internal.MSBuildLogger., took 0 ms.
TpTrace Verbose: 0 : 12952, 11, 2026/01/09, 23:07:15.609, 21759190841293, vstest.console.dll, TcpClientExtensions.MessageLoopAsync: NotifyDataAvailable remoteEndPoint: 127.0.0.1:64866 localEndPoint: 127.0.0.1:64865
TpTrace Verbose: 0 : 12952, 11, 2026/01/09, 23:07:15.610, 21759190842144, vstest.console.dll, TestRequestSender.OnExecutionMessageReceived: Received message: {"Version":7,"MessageType":"TestSession.Message","Payload":{"MessageLevel":0,"Message":"[xUnit.net 00:00:00.32]            at Microsoft.Extensions.DependencyInjection.ServiceLookup.CallSiteRuntimeResolver.VisitCache(ServiceCallSite callSite, RuntimeResolverContext context, ServiceProviderEngineScope serviceProviderEngine, RuntimeResolverLock lockType)"}}
TpTrace Verbose: 0 : 12952, 11, 2026/01/09, 23:07:15.610, 21759190842619, vstest.console.dll, TestRunRequest:SendTestRunMessage: Starting.
TpTrace Verbose: 0 : 12952, 11, 2026/01/09, 23:07:15.610, 21759190843089, vstest.console.dll, MulticastDelegateUtilities.SafeInvoke: TestRun.LogMessages: Invoking callback 1/1 for Microsoft.VisualStudio.TestPlatform.CommandLine.TestRunResultAggregator., took 0 ms.
TpTrace Information: 0 : 12952, 11, 2026/01/09, 23:07:15.610, 21759190843372, vstest.console.dll, TestRunRequest:SendTestRunMessage: Completed.
TpTrace Verbose: 0 : 12952, 11, 2026/01/09, 23:07:15.610, 21759190843616, vstest.console.dll, MulticastDelegateUtilities.SafeInvoke: LengthPrefixCommunicationChannel: MessageReceived: Invoking callback 1/1 for Microsoft.VisualStudio.TestPlatform.CommunicationUtilities.TestRequestSender+<>c__DisplayClass34_0., took 0 ms.
TpTrace Verbose: 0 : 12952, 4, 2026/01/09, 23:07:15.610, 21759190844011, vstest.console.dll, MulticastDelegateUtilities.SafeInvoke: InternalTestLoggerEvents.SendTestRunMessage: Invoking callback 1/1 for Microsoft.VisualStudio.TestPlatform.CommandLine.Internal.MSBuildLogger., took 0 ms.
TpTrace Verbose: 0 : 12952, 11, 2026/01/09, 23:07:15.610, 21759190844174, vstest.console.dll, TcpClientExtensions.MessageLoopAsync: Polling on remoteEndPoint: 127.0.0.1:64866 localEndPoint: 127.0.0.1:64865 after 0 ms
TpTrace Verbose: 0 : 12952, 11, 2026/01/09, 23:07:15.610, 21759190845732, vstest.console.dll, TcpClientExtensions.MessageLoopAsync: NotifyDataAvailable remoteEndPoint: 127.0.0.1:64866 localEndPoint: 127.0.0.1:64865
TpTrace Verbose: 0 : 12952, 11, 2026/01/09, 23:07:15.610, 21759190846426, vstest.console.dll, TestRequestSender.OnExecutionMessageReceived: Received message: {"Version":7,"MessageType":"TestSession.Message","Payload":{"MessageLevel":0,"Message":"[xUnit.net 00:00:00.32]            at Microsoft.Extensions.DependencyInjection.ServiceLookup.CallSiteRuntimeResolver.VisitScopeCache(ServiceCallSite callSite, RuntimeResolverContext context)"}}
TpTrace Verbose: 0 : 12952, 11, 2026/01/09, 23:07:15.610, 21759190847110, vstest.console.dll, TestRunRequest:SendTestRunMessage: Starting.
TpTrace Verbose: 0 : 12952, 11, 2026/01/09, 23:07:15.610, 21759190847547, vstest.console.dll, MulticastDelegateUtilities.SafeInvoke: TestRun.LogMessages: Invoking callback 1/1 for Microsoft.VisualStudio.TestPlatform.CommandLine.TestRunResultAggregator., took 0 ms.
TpTrace Information: 0 : 12952, 11, 2026/01/09, 23:07:15.610, 21759190847868, vstest.console.dll, TestRunRequest:SendTestRunMessage: Completed.
TpTrace Verbose: 0 : 12952, 11, 2026/01/09, 23:07:15.610, 21759190848082, vstest.console.dll, MulticastDelegateUtilities.SafeInvoke: LengthPrefixCommunicationChannel: MessageReceived: Invoking callback 1/1 for Microsoft.VisualStudio.TestPlatform.CommunicationUtilities.TestRequestSender+<>c__DisplayClass34_0., took 0 ms.
TpTrace Verbose: 0 : 12952, 4, 2026/01/09, 23:07:15.610, 21759190848405, vstest.console.dll, MulticastDelegateUtilities.SafeInvoke: InternalTestLoggerEvents.SendTestRunMessage: Invoking callback 1/1 for Microsoft.VisualStudio.TestPlatform.CommandLine.Internal.MSBuildLogger., took 0 ms.
TpTrace Verbose: 0 : 12952, 11, 2026/01/09, 23:07:15.610, 21759190849278, vstest.console.dll, TcpClientExtensions.MessageLoopAsync: Polling on remoteEndPoint: 127.0.0.1:64866 localEndPoint: 127.0.0.1:64865 after 0 ms
TpTrace Verbose: 0 : 12952, 11, 2026/01/09, 23:07:15.610, 21759190849764, vstest.console.dll, TcpClientExtensions.MessageLoopAsync: NotifyDataAvailable remoteEndPoint: 127.0.0.1:64866 localEndPoint: 127.0.0.1:64865
TpTrace Verbose: 0 : 12952, 11, 2026/01/09, 23:07:15.610, 21759190850184, vstest.console.dll, TestRequestSender.OnExecutionMessageReceived: Received message: {"Version":7,"MessageType":"TestSession.Message","Payload":{"MessageLevel":0,"Message":"[xUnit.net 00:00:00.32]            at Microsoft.Extensions.DependencyInjection.ServiceLookup.CallSiteVisitor`2.VisitCallSite(ServiceCallSite callSite, TArgument argument)"}}
TpTrace Verbose: 0 : 12952, 11, 2026/01/09, 23:07:15.610, 21759190850781, vstest.console.dll, TestRunRequest:SendTestRunMessage: Starting.
TpTrace Verbose: 0 : 12952, 11, 2026/01/09, 23:07:15.610, 21759190851196, vstest.console.dll, MulticastDelegateUtilities.SafeInvoke: TestRun.LogMessages: Invoking callback 1/1 for Microsoft.VisualStudio.TestPlatform.CommandLine.TestRunResultAggregator., took 0 ms.
TpTrace Information: 0 : 12952, 11, 2026/01/09, 23:07:15.610, 21759190851460, vstest.console.dll, TestRunRequest:SendTestRunMessage: Completed.
TpTrace Verbose: 0 : 12952, 11, 2026/01/09, 23:07:15.611, 21759190851680, vstest.console.dll, MulticastDelegateUtilities.SafeInvoke: LengthPrefixCommunicationChannel: MessageReceived: Invoking callback 1/1 for Microsoft.VisualStudio.TestPlatform.CommunicationUtilities.TestRequestSender+<>c__DisplayClass34_0., took 0 ms.
TpTrace Verbose: 0 : 12952, 4, 2026/01/09, 23:07:15.611, 21759190851774, vstest.console.dll, MulticastDelegateUtilities.SafeInvoke: InternalTestLoggerEvents.SendTestRunMessage: Invoking callback 1/1 for Microsoft.VisualStudio.TestPlatform.CommandLine.Internal.MSBuildLogger., took 0 ms.
TpTrace Verbose: 0 : 12952, 11, 2026/01/09, 23:07:15.611, 21759190851903, vstest.console.dll, TcpClientExtensions.MessageLoopAsync: Polling on remoteEndPoint: 127.0.0.1:64866 localEndPoint: 127.0.0.1:64865 after 0 ms
TpTrace Verbose: 0 : 12952, 11, 2026/01/09, 23:07:15.611, 21759190853297, vstest.console.dll, TcpClientExtensions.MessageLoopAsync: NotifyDataAvailable remoteEndPoint: 127.0.0.1:64866 localEndPoint: 127.0.0.1:64865
TpTrace Verbose: 0 : 12952, 11, 2026/01/09, 23:07:15.611, 21759190853817, vstest.console.dll, TestRequestSender.OnExecutionMessageReceived: Received message: {"Version":7,"MessageType":"TestSession.Message","Payload":{"MessageLevel":0,"Message":"[xUnit.net 00:00:00.32]            at Microsoft.Extensions.DependencyInjection.ServiceLookup.CallSiteRuntimeResolver.Resolve(ServiceCallSite callSite, ServiceProviderEngineScope scope)"}}
TpTrace Verbose: 0 : 12952, 11, 2026/01/09, 23:07:15.611, 21759190854420, vstest.console.dll, TestRunRequest:SendTestRunMessage: Starting.
TpTrace Verbose: 0 : 12952, 11, 2026/01/09, 23:07:15.611, 21759190854860, vstest.console.dll, MulticastDelegateUtilities.SafeInvoke: TestRun.LogMessages: Invoking callback 1/1 for Microsoft.VisualStudio.TestPlatform.CommandLine.TestRunResultAggregator., took 0 ms.
TpTrace Information: 0 : 12952, 11, 2026/01/09, 23:07:15.611, 21759190855196, vstest.console.dll, TestRunRequest:SendTestRunMessage: Completed.
TpTrace Verbose: 0 : 12952, 11, 2026/01/09, 23:07:15.611, 21759190855447, vstest.console.dll, MulticastDelegateUtilities.SafeInvoke: LengthPrefixCommunicationChannel: MessageReceived: Invoking callback 1/1 for Microsoft.VisualStudio.TestPlatform.CommunicationUtilities.TestRequestSender+<>c__DisplayClass34_0., took 0 ms.
TpTrace Verbose: 0 : 12952, 4, 2026/01/09, 23:07:15.611, 21759190855519, vstest.console.dll, MulticastDelegateUtilities.SafeInvoke: InternalTestLoggerEvents.SendTestRunMessage: Invoking callback 1/1 for Microsoft.VisualStudio.TestPlatform.CommandLine.Internal.MSBuildLogger., took 0 ms.
TpTrace Verbose: 0 : 12952, 11, 2026/01/09, 23:07:15.611, 21759190856163, vstest.console.dll, TcpClientExtensions.MessageLoopAsync: Polling on remoteEndPoint: 127.0.0.1:64866 localEndPoint: 127.0.0.1:64865 after 0 ms
TpTrace Verbose: 0 : 12952, 11, 2026/01/09, 23:07:15.611, 21759190856759, vstest.console.dll, TcpClientExtensions.MessageLoopAsync: NotifyDataAvailable remoteEndPoint: 127.0.0.1:64866 localEndPoint: 127.0.0.1:64865
TpTrace Verbose: 0 : 12952, 11, 2026/01/09, 23:07:15.611, 21759190857132, vstest.console.dll, TestRequestSender.OnExecutionMessageReceived: Received message: {"Version":7,"MessageType":"TestSession.Message","Payload":{"MessageLevel":0,"Message":"[xUnit.net 00:00:00.32]            at Microsoft.Extensions.DependencyInjection.ServiceLookup.DynamicServiceProviderEngine.<>c__DisplayClass2_0.<RealizeService>b__0(ServiceProviderEngineScope scope)"}}
TpTrace Verbose: 0 : 12952, 11, 2026/01/09, 23:07:15.611, 21759190857653, vstest.console.dll, TestRunRequest:SendTestRunMessage: Starting.
TpTrace Verbose: 0 : 12952, 11, 2026/01/09, 23:07:15.611, 21759190858001, vstest.console.dll, MulticastDelegateUtilities.SafeInvoke: TestRun.LogMessages: Invoking callback 1/1 for Microsoft.VisualStudio.TestPlatform.CommandLine.TestRunResultAggregator., took 0 ms.
TpTrace Information: 0 : 12952, 11, 2026/01/09, 23:07:15.611, 21759190858285, vstest.console.dll, TestRunRequest:SendTestRunMessage: Completed.
TpTrace Verbose: 0 : 12952, 11, 2026/01/09, 23:07:15.611, 21759190858586, vstest.console.dll, MulticastDelegateUtilities.SafeInvoke: LengthPrefixCommunicationChannel: MessageReceived: Invoking callback 1/1 for Microsoft.VisualStudio.TestPlatform.CommunicationUtilities.TestRequestSender+<>c__DisplayClass34_0., took 0 ms.
TpTrace Verbose: 0 : 12952, 4, 2026/01/09, 23:07:15.611, 21759190858598, vstest.console.dll, MulticastDelegateUtilities.SafeInvoke: InternalTestLoggerEvents.SendTestRunMessage: Invoking callback 1/1 for Microsoft.VisualStudio.TestPlatform.CommandLine.Internal.MSBuildLogger., took 0 ms.
TpTrace Verbose: 0 : 12952, 11, 2026/01/09, 23:07:15.611, 21759190858969, vstest.console.dll, TcpClientExtensions.MessageLoopAsync: Polling on remoteEndPoint: 127.0.0.1:64866 localEndPoint: 127.0.0.1:64865 after 0 ms
TpTrace Verbose: 0 : 12952, 11, 2026/01/09, 23:07:15.611, 21759190860025, vstest.console.dll, TcpClientExtensions.MessageLoopAsync: NotifyDataAvailable remoteEndPoint: 127.0.0.1:64866 localEndPoint: 127.0.0.1:64865
TpTrace Verbose: 0 : 12952, 11, 2026/01/09, 23:07:15.611, 21759190860535, vstest.console.dll, TestRequestSender.OnExecutionMessageReceived: Received message: {"Version":7,"MessageType":"TestSession.Message","Payload":{"MessageLevel":0,"Message":"[xUnit.net 00:00:00.32]            at Microsoft.Extensions.DependencyInjection.ServiceProvider.GetService(ServiceIdentifier serviceIdentifier, ServiceProviderEngineScope serviceProviderEngineScope)"}}
TpTrace Verbose: 0 : 12952, 11, 2026/01/09, 23:07:15.611, 21759190861144, vstest.console.dll, TestRunRequest:SendTestRunMessage: Starting.
TpTrace Verbose: 0 : 12952, 11, 2026/01/09, 23:07:15.612, 21759190861591, vstest.console.dll, MulticastDelegateUtilities.SafeInvoke: TestRun.LogMessages: Invoking callback 1/1 for Microsoft.VisualStudio.TestPlatform.CommandLine.TestRunResultAggregator., took 0 ms.
TpTrace Information: 0 : 12952, 11, 2026/01/09, 23:07:15.612, 21759190861949, vstest.console.dll, TestRunRequest:SendTestRunMessage: Completed.
TpTrace Verbose: 0 : 12952, 11, 2026/01/09, 23:07:15.612, 21759190862140, vstest.console.dll, MulticastDelegateUtilities.SafeInvoke: LengthPrefixCommunicationChannel: MessageReceived: Invoking callback 1/1 for Microsoft.VisualStudio.TestPlatform.CommunicationUtilities.TestRequestSender+<>c__DisplayClass34_0., took 0 ms.
TpTrace Verbose: 0 : 12952, 11, 2026/01/09, 23:07:15.612, 21759190862391, vstest.console.dll, TcpClientExtensions.MessageLoopAsync: Polling on remoteEndPoint: 127.0.0.1:64866 localEndPoint: 127.0.0.1:64865 after 0 ms
TpTrace Verbose: 0 : 12952, 4, 2026/01/09, 23:07:15.612, 21759190862437, vstest.console.dll, MulticastDelegateUtilities.SafeInvoke: InternalTestLoggerEvents.SendTestRunMessage: Invoking callback 1/1 for Microsoft.VisualStudio.TestPlatform.CommandLine.Internal.MSBuildLogger., took 0 ms.
TpTrace Verbose: 0 : 12952, 11, 2026/01/09, 23:07:15.612, 21759190862629, vstest.console.dll, TcpClientExtensions.MessageLoopAsync: NotifyDataAvailable remoteEndPoint: 127.0.0.1:64866 localEndPoint: 127.0.0.1:64865
TpTrace Verbose: 0 : 12952, 11, 2026/01/09, 23:07:15.612, 21759190863757, vstest.console.dll, TestRequestSender.OnExecutionMessageReceived: Received message: {"Version":7,"MessageType":"TestSession.Message","Payload":{"MessageLevel":0,"Message":"[xUnit.net 00:00:00.32]            at Microsoft.Extensions.DependencyInjection.ServiceLookup.ServiceProviderEngineScope.GetService(Type serviceType)"}}
TpTrace Verbose: 0 : 12952, 11, 2026/01/09, 23:07:15.612, 21759190864346, vstest.console.dll, TestRunRequest:SendTestRunMessage: Starting.
TpTrace Verbose: 0 : 12952, 11, 2026/01/09, 23:07:15.612, 21759190864724, vstest.console.dll, MulticastDelegateUtilities.SafeInvoke: TestRun.LogMessages: Invoking callback 1/1 for Microsoft.VisualStudio.TestPlatform.CommandLine.TestRunResultAggregator., took 0 ms.
TpTrace Information: 0 : 12952, 11, 2026/01/09, 23:07:15.612, 21759190865019, vstest.console.dll, TestRunRequest:SendTestRunMessage: Completed.
TpTrace Verbose: 0 : 12952, 11, 2026/01/09, 23:07:15.612, 21759190865203, vstest.console.dll, MulticastDelegateUtilities.SafeInvoke: LengthPrefixCommunicationChannel: MessageReceived: Invoking callback 1/1 for Microsoft.VisualStudio.TestPlatform.CommunicationUtilities.TestRequestSender+<>c__DisplayClass34_0., took 0 ms.
TpTrace Verbose: 0 : 12952, 11, 2026/01/09, 23:07:15.612, 21759190865423, vstest.console.dll, TcpClientExtensions.MessageLoopAsync: Polling on remoteEndPoint: 127.0.0.1:64866 localEndPoint: 127.0.0.1:64865 after 0 ms
TpTrace Verbose: 0 : 12952, 11, 2026/01/09, 23:07:15.612, 21759190865689, vstest.console.dll, TcpClientExtensions.MessageLoopAsync: NotifyDataAvailable remoteEndPoint: 127.0.0.1:64866 localEndPoint: 127.0.0.1:64865
TpTrace Verbose: 0 : 12952, 11, 2026/01/09, 23:07:15.612, 21759190866085, vstest.console.dll, TestRequestSender.OnExecutionMessageReceived: Received message: {"Version":7,"MessageType":"TestSession.Message","Payload":{"MessageLevel":0,"Message":"[xUnit.net 00:00:00.32]            at Microsoft.Extensions.DependencyInjection.ServiceProviderServiceExtensions.GetRequiredService(IServiceProvider provider, Type serviceType)"}}
TpTrace Verbose: 0 : 12952, 4, 2026/01/09, 23:07:15.612, 21759190866097, vstest.console.dll, MulticastDelegateUtilities.SafeInvoke: InternalTestLoggerEvents.SendTestRunMessage: Invoking callback 1/1 for Microsoft.VisualStudio.TestPlatform.CommandLine.Internal.MSBuildLogger., took 0 ms.
TpTrace Verbose: 0 : 12952, 11, 2026/01/09, 23:07:15.612, 21759190867580, vstest.console.dll, TestRunRequest:SendTestRunMessage: Starting.
TpTrace Verbose: 0 : 12952, 11, 2026/01/09, 23:07:15.612, 21759190868196, vstest.console.dll, MulticastDelegateUtilities.SafeInvoke: TestRun.LogMessages: Invoking callback 1/1 for Microsoft.VisualStudio.TestPlatform.CommandLine.TestRunResultAggregator., took 0 ms.
TpTrace Information: 0 : 12952, 11, 2026/01/09, 23:07:15.612, 21759190868430, vstest.console.dll, TestRunRequest:SendTestRunMessage: Completed.
TpTrace Verbose: 0 : 12952, 11, 2026/01/09, 23:07:15.612, 21759190868608, vstest.console.dll, MulticastDelegateUtilities.SafeInvoke: LengthPrefixCommunicationChannel: MessageReceived: Invoking callback 1/1 for Microsoft.VisualStudio.TestPlatform.CommunicationUtilities.TestRequestSender+<>c__DisplayClass34_0., took 0 ms.
TpTrace Verbose: 0 : 12952, 11, 2026/01/09, 23:07:15.612, 21759190868841, vstest.console.dll, TcpClientExtensions.MessageLoopAsync: Polling on remoteEndPoint: 127.0.0.1:64866 localEndPoint: 127.0.0.1:64865 after 0 ms
TpTrace Verbose: 0 : 12952, 11, 2026/01/09, 23:07:15.612, 21759190869087, vstest.console.dll, TcpClientExtensions.MessageLoopAsync: NotifyDataAvailable remoteEndPoint: 127.0.0.1:64866 localEndPoint: 127.0.0.1:64865
TpTrace Verbose: 0 : 12952, 4, 2026/01/09, 23:07:15.612, 21759190869098, vstest.console.dll, MulticastDelegateUtilities.SafeInvoke: InternalTestLoggerEvents.SendTestRunMessage: Invoking callback 1/1 for Microsoft.VisualStudio.TestPlatform.CommandLine.Internal.MSBuildLogger., took 0 ms.
TpTrace Verbose: 0 : 12952, 11, 2026/01/09, 23:07:15.612, 21759190869578, vstest.console.dll, TestRequestSender.OnExecutionMessageReceived: Received message: {"Version":7,"MessageType":"TestSession.Message","Payload":{"MessageLevel":0,"Message":"[xUnit.net 00:00:00.32]            at Microsoft.Extensions.DependencyInjection.ServiceProviderServiceExtensions.GetRequiredService[T](IServiceProvider provider)"}}
TpTrace Verbose: 0 : 12952, 11, 2026/01/09, 23:07:15.612, 21759190870930, vstest.console.dll, TestRunRequest:SendTestRunMessage: Starting.
TpTrace Verbose: 0 : 12952, 11, 2026/01/09, 23:07:15.612, 21759190871306, vstest.console.dll, MulticastDelegateUtilities.SafeInvoke: TestRun.LogMessages: Invoking callback 1/1 for Microsoft.VisualStudio.TestPlatform.CommandLine.TestRunResultAggregator., took 0 ms.
TpTrace Information: 0 : 12952, 11, 2026/01/09, 23:07:15.612, 21759190871538, vstest.console.dll, TestRunRequest:SendTestRunMessage: Completed.
TpTrace Verbose: 0 : 12952, 11, 2026/01/09, 23:07:15.613, 21759190871720, vstest.console.dll, MulticastDelegateUtilities.SafeInvoke: LengthPrefixCommunicationChannel: MessageReceived: Invoking callback 1/1 for Microsoft.VisualStudio.TestPlatform.CommunicationUtilities.TestRequestSender+<>c__DisplayClass34_0., took 0 ms.
TpTrace Verbose: 0 : 12952, 11, 2026/01/09, 23:07:15.613, 21759190871979, vstest.console.dll, TcpClientExtensions.MessageLoopAsync: Polling on remoteEndPoint: 127.0.0.1:64866 localEndPoint: 127.0.0.1:64865 after 0 ms
TpTrace Verbose: 0 : 12952, 4, 2026/01/09, 23:07:15.613, 21759190872023, vstest.console.dll, MulticastDelegateUtilities.SafeInvoke: InternalTestLoggerEvents.SendTestRunMessage: Invoking callback 1/1 for Microsoft.VisualStudio.TestPlatform.CommandLine.Internal.MSBuildLogger., took 0 ms.
TpTrace Verbose: 0 : 12952, 11, 2026/01/09, 23:07:15.613, 21759190872203, vstest.console.dll, TcpClientExtensions.MessageLoopAsync: NotifyDataAvailable remoteEndPoint: 127.0.0.1:64866 localEndPoint: 127.0.0.1:64865
TpTrace Verbose: 0 : 12952, 11, 2026/01/09, 23:07:15.613, 21759190873920, vstest.console.dll, TestRequestSender.OnExecutionMessageReceived: Received message: {"Version":7,"MessageType":"TestSession.Message","Payload":{"MessageLevel":0,"Message":"[xUnit.net 00:00:00.32]         C:\\src\\github\\alex-horvath-net\\ModularMonolith\\src\\Experts\\OrderBusinessExpert\\OrdersExtensions.cs(61,0): at Experts.OrderBusinessExpert.OrdersExtensions.MapOrders(WebApplication app)"}}
TpTrace Verbose: 0 : 12952, 11, 2026/01/09, 23:07:15.613, 21759190874500, vstest.console.dll, TestRunRequest:SendTestRunMessage: Starting.
TpTrace Verbose: 0 : 12952, 11, 2026/01/09, 23:07:15.613, 21759190874948, vstest.console.dll, MulticastDelegateUtilities.SafeInvoke: TestRun.LogMessages: Invoking callback 1/1 for Microsoft.VisualStudio.TestPlatform.CommandLine.TestRunResultAggregator., took 0 ms.
TpTrace Information: 0 : 12952, 11, 2026/01/09, 23:07:15.613, 21759190875406, vstest.console.dll, TestRunRequest:SendTestRunMessage: Completed.
TpTrace Verbose: 0 : 12952, 4, 2026/01/09, 23:07:15.613, 21759190875510, vstest.console.dll, MulticastDelegateUtilities.SafeInvoke: InternalTestLoggerEvents.SendTestRunMessage: Invoking callback 1/1 for Microsoft.VisualStudio.TestPlatform.CommandLine.Internal.MSBuildLogger., took 0 ms.
TpTrace Verbose: 0 : 12952, 11, 2026/01/09, 23:07:15.613, 21759190875770, vstest.console.dll, MulticastDelegateUtilities.SafeInvoke: LengthPrefixCommunicationChannel: MessageReceived: Invoking callback 1/1 for Microsoft.VisualStudio.TestPlatform.CommunicationUtilities.TestRequestSender+<>c__DisplayClass34_0., took 0 ms.
TpTrace Verbose: 0 : 12952, 11, 2026/01/09, 23:07:15.613, 21759190876840, vstest.console.dll, TcpClientExtensions.MessageLoopAsync: Polling on remoteEndPoint: 127.0.0.1:64866 localEndPoint: 127.0.0.1:64865 after 0 ms
TpTrace Verbose: 0 : 12952, 11, 2026/01/09, 23:07:15.613, 21759190877133, vstest.console.dll, TcpClientExtensions.MessageLoopAsync: NotifyDataAvailable remoteEndPoint: 127.0.0.1:64866 localEndPoint: 127.0.0.1:64865
TpTrace Verbose: 0 : 12952, 11, 2026/01/09, 23:07:15.613, 21759190877538, vstest.console.dll, TestRequestSender.OnExecutionMessageReceived: Received message: {"Version":7,"MessageType":"TestSession.Message","Payload":{"MessageLevel":0,"Message":"[xUnit.net 00:00:00.32]         C:\\src\\github\\alex-horvath-net\\ModularMonolith\\src\\ApplicationApi\\Program.cs(23,0): at Program.<Main>$(String[] args)"}}
TpTrace Verbose: 0 : 12952, 11, 2026/01/09, 23:07:15.613, 21759190878118, vstest.console.dll, TestRunRequest:SendTestRunMessage: Starting.
TpTrace Verbose: 0 : 12952, 11, 2026/01/09, 23:07:15.613, 21759190878468, vstest.console.dll, MulticastDelegateUtilities.SafeInvoke: TestRun.LogMessages: Invoking callback 1/1 for Microsoft.VisualStudio.TestPlatform.CommandLine.TestRunResultAggregator., took 0 ms.
TpTrace Information: 0 : 12952, 11, 2026/01/09, 23:07:15.613, 21759190878701, vstest.console.dll, TestRunRequest:SendTestRunMessage: Completed.
TpTrace Verbose: 0 : 12952, 11, 2026/01/09, 23:07:15.613, 21759190878884, vstest.console.dll, MulticastDelegateUtilities.SafeInvoke: LengthPrefixCommunicationChannel: MessageReceived: Invoking callback 1/1 for Microsoft.VisualStudio.TestPlatform.CommunicationUtilities.TestRequestSender+<>c__DisplayClass34_0., took 0 ms.
TpTrace Verbose: 0 : 12952, 4, 2026/01/09, 23:07:15.613, 21759190879176, vstest.console.dll, MulticastDelegateUtilities.SafeInvoke: InternalTestLoggerEvents.SendTestRunMessage: Invoking callback 1/1 for Microsoft.VisualStudio.TestPlatform.CommandLine.Internal.MSBuildLogger., took 0 ms.
TpTrace Verbose: 0 : 12952, 11, 2026/01/09, 23:07:15.613, 21759190879242, vstest.console.dll, TcpClientExtensions.MessageLoopAsync: Polling on remoteEndPoint: 127.0.0.1:64866 localEndPoint: 127.0.0.1:64865 after 0 ms
TpTrace Verbose: 0 : 12952, 11, 2026/01/09, 23:07:15.613, 21759190880358, vstest.console.dll, TcpClientExtensions.MessageLoopAsync: NotifyDataAvailable remoteEndPoint: 127.0.0.1:64866 localEndPoint: 127.0.0.1:64865
TpTrace Verbose: 0 : 12952, 11, 2026/01/09, 23:07:15.613, 21759190880790, vstest.console.dll, TestRequestSender.OnExecutionMessageReceived: Received message: {"Version":7,"MessageType":"TestSession.Message","Payload":{"MessageLevel":0,"Message":"[xUnit.net 00:00:00.32]            at System.RuntimeMethodHandle.InvokeMethod(Object target, Void** arguments, Signature sig, Boolean isConstructor)"}}
TpTrace Verbose: 0 : 12952, 11, 2026/01/09, 23:07:15.613, 21759190881266, vstest.console.dll, TestRunRequest:SendTestRunMessage: Starting.
TpTrace Verbose: 0 : 12952, 11, 2026/01/09, 23:07:15.614, 21759190881592, vstest.console.dll, MulticastDelegateUtilities.SafeInvoke: TestRun.LogMessages: Invoking callback 1/1 for Microsoft.VisualStudio.TestPlatform.CommandLine.TestRunResultAggregator., took 0 ms.
TpTrace Information: 0 : 12952, 11, 2026/01/09, 23:07:15.614, 21759190881809, vstest.console.dll, TestRunRequest:SendTestRunMessage: Completed.
TpTrace Verbose: 0 : 12952, 11, 2026/01/09, 23:07:15.614, 21759190881978, vstest.console.dll, MulticastDelegateUtilities.SafeInvoke: LengthPrefixCommunicationChannel: MessageReceived: Invoking callback 1/1 for Microsoft.VisualStudio.TestPlatform.CommunicationUtilities.TestRequestSender+<>c__DisplayClass34_0., took 0 ms.
TpTrace Verbose: 0 : 12952, 11, 2026/01/09, 23:07:15.614, 21759190882150, vstest.console.dll, TcpClientExtensions.MessageLoopAsync: Polling on remoteEndPoint: 127.0.0.1:64866 localEndPoint: 127.0.0.1:64865 after 0 ms
TpTrace Verbose: 0 : 12952, 11, 2026/01/09, 23:07:15.614, 21759190882442, vstest.console.dll, TcpClientExtensions.MessageLoopAsync: NotifyDataAvailable remoteEndPoint: 127.0.0.1:64866 localEndPoint: 127.0.0.1:64865
TpTrace Verbose: 0 : 12952, 4, 2026/01/09, 23:07:15.614, 21759190882417, vstest.console.dll, MulticastDelegateUtilities.SafeInvoke: InternalTestLoggerEvents.SendTestRunMessage: Invoking callback 1/1 for Microsoft.VisualStudio.TestPlatform.CommandLine.Internal.MSBuildLogger., took 0 ms.
TpTrace Verbose: 0 : 12952, 11, 2026/01/09, 23:07:15.614, 21759190883574, vstest.console.dll, TestRequestSender.OnExecutionMessageReceived: Received message: {"Version":7,"MessageType":"TestSession.Message","Payload":{"MessageLevel":0,"Message":"[xUnit.net 00:00:00.32]            at System.Reflection.MethodBaseInvoker.InvokeDirectByRefWithFewArgs(Object obj, Span`1 copyOfArgs, BindingFlags invokeAttr)"}}
TpTrace Verbose: 0 : 12952, 11, 2026/01/09, 23:07:15.614, 21759190884170, vstest.console.dll, TestRunRequest:SendTestRunMessage: Starting.
TpTrace Verbose: 0 : 12952, 11, 2026/01/09, 23:07:15.614, 21759190884532, vstest.console.dll, MulticastDelegateUtilities.SafeInvoke: TestRun.LogMessages: Invoking callback 1/1 for Microsoft.VisualStudio.TestPlatform.CommandLine.TestRunResultAggregator., took 0 ms.
TpTrace Information: 0 : 12952, 11, 2026/01/09, 23:07:15.614, 21759190884836, vstest.console.dll, TestRunRequest:SendTestRunMessage: Completed.
TpTrace Verbose: 0 : 12952, 11, 2026/01/09, 23:07:15.614, 21759190885087, vstest.console.dll, MulticastDelegateUtilities.SafeInvoke: LengthPrefixCommunicationChannel: MessageReceived: Invoking callback 1/1 for Microsoft.VisualStudio.TestPlatform.CommunicationUtilities.TestRequestSender+<>c__DisplayClass34_0., took 0 ms.
TpTrace Verbose: 0 : 12952, 4, 2026/01/09, 23:07:15.614, 21759190885145, vstest.console.dll, MulticastDelegateUtilities.SafeInvoke: InternalTestLoggerEvents.SendTestRunMessage: Invoking callback 1/1 for Microsoft.VisualStudio.TestPlatform.CommandLine.Internal.MSBuildLogger., took 0 ms.
TpTrace Verbose: 0 : 12952, 11, 2026/01/09, 23:07:15.614, 21759190885327, vstest.console.dll, TcpClientExtensions.MessageLoopAsync: Polling on remoteEndPoint: 127.0.0.1:64866 localEndPoint: 127.0.0.1:64865 after 0 ms
TpTrace Verbose: 0 : 12952, 11, 2026/01/09, 23:07:15.614, 21759190886308, vstest.console.dll, TcpClientExtensions.MessageLoopAsync: NotifyDataAvailable remoteEndPoint: 127.0.0.1:64866 localEndPoint: 127.0.0.1:64865
TpTrace Verbose: 0 : 12952, 11, 2026/01/09, 23:07:15.614, 21759190886717, vstest.console.dll, TestRequestSender.OnExecutionMessageReceived: Received message: {"Version":7,"MessageType":"TestSession.Message","Payload":{"MessageLevel":0,"Message":"[xUnit.net 00:00:00.32]         --- End of stack trace from previous location ---"}}
TpTrace Verbose: 0 : 12952, 11, 2026/01/09, 23:07:15.614, 21759190887188, vstest.console.dll, TestRunRequest:SendTestRunMessage: Starting.
TpTrace Verbose: 0 : 12952, 11, 2026/01/09, 23:07:15.614, 21759190887556, vstest.console.dll, MulticastDelegateUtilities.SafeInvoke: TestRun.LogMessages: Invoking callback 1/1 for Microsoft.VisualStudio.TestPlatform.CommandLine.TestRunResultAggregator., took 0 ms.
TpTrace Information: 0 : 12952, 11, 2026/01/09, 23:07:15.614, 21759190887779, vstest.console.dll, TestRunRequest:SendTestRunMessage: Completed.
TpTrace Verbose: 0 : 12952, 11, 2026/01/09, 23:07:15.614, 21759190887962, vstest.console.dll, MulticastDelegateUtilities.SafeInvoke: LengthPrefixCommunicationChannel: MessageReceived: Invoking callback 1/1 for Microsoft.VisualStudio.TestPlatform.CommunicationUtilities.TestRequestSender+<>c__DisplayClass34_0., took 0 ms.
TpTrace Verbose: 0 : 12952, 11, 2026/01/09, 23:07:15.614, 21759190888159, vstest.console.dll, TcpClientExtensions.MessageLoopAsync: Polling on remoteEndPoint: 127.0.0.1:64866 localEndPoint: 127.0.0.1:64865 after 0 ms
TpTrace Verbose: 0 : 12952, 4, 2026/01/09, 23:07:15.614, 21759190888168, vstest.console.dll, MulticastDelegateUtilities.SafeInvoke: InternalTestLoggerEvents.SendTestRunMessage: Invoking callback 1/1 for Microsoft.VisualStudio.TestPlatform.CommandLine.Internal.MSBuildLogger., took 0 ms.
TpTrace Verbose: 0 : 12952, 11, 2026/01/09, 23:07:15.614, 21759190888497, vstest.console.dll, TcpClientExtensions.MessageLoopAsync: NotifyDataAvailable remoteEndPoint: 127.0.0.1:64866 localEndPoint: 127.0.0.1:64865
TpTrace Verbose: 0 : 12952, 11, 2026/01/09, 23:07:15.614, 21759190890044, vstest.console.dll, TestRequestSender.OnExecutionMessageReceived: Received message: {"Version":7,"MessageType":"TestSession.Message","Payload":{"MessageLevel":0,"Message":"[xUnit.net 00:00:00.32]            at Microsoft.AspNetCore.Mvc.Testing.DeferredHostBuilder.DeferredHost.StartAsync(CancellationToken cancellationToken)"}}
TpTrace Verbose: 0 : 12952, 11, 2026/01/09, 23:07:15.614, 21759190891258, vstest.console.dll, TestRunRequest:SendTestRunMessage: Starting.
TpTrace Verbose: 0 : 12952, 11, 2026/01/09, 23:07:15.615, 21759190891944, vstest.console.dll, MulticastDelegateUtilities.SafeInvoke: TestRun.LogMessages: Invoking callback 1/1 for Microsoft.VisualStudio.TestPlatform.CommandLine.TestRunResultAggregator., took 0 ms.
TpTrace Information: 0 : 12952, 11, 2026/01/09, 23:07:15.615, 21759190892299, vstest.console.dll, TestRunRequest:SendTestRunMessage: Completed.
TpTrace Verbose: 0 : 12952, 4, 2026/01/09, 23:07:15.615, 21759190892474, vstest.console.dll, MulticastDelegateUtilities.SafeInvoke: InternalTestLoggerEvents.SendTestRunMessage: Invoking callback 1/1 for Microsoft.VisualStudio.TestPlatform.CommandLine.Internal.MSBuildLogger., took 0 ms.
TpTrace Verbose: 0 : 12952, 11, 2026/01/09, 23:07:15.615, 21759190892668, vstest.console.dll, MulticastDelegateUtilities.SafeInvoke: LengthPrefixCommunicationChannel: MessageReceived: Invoking callback 1/1 for Microsoft.VisualStudio.TestPlatform.CommunicationUtilities.TestRequestSender+<>c__DisplayClass34_0., took 0 ms.
TpTrace Verbose: 0 : 12952, 11, 2026/01/09, 23:07:15.615, 21759190893746, vstest.console.dll, TcpClientExtensions.MessageLoopAsync: Polling on remoteEndPoint: 127.0.0.1:64866 localEndPoint: 127.0.0.1:64865 after 0 ms
TpTrace Verbose: 0 : 12952, 11, 2026/01/09, 23:07:15.615, 21759190894086, vstest.console.dll, TcpClientExtensions.MessageLoopAsync: NotifyDataAvailable remoteEndPoint: 127.0.0.1:64866 localEndPoint: 127.0.0.1:64865
TpTrace Verbose: 0 : 12952, 11, 2026/01/09, 23:07:15.615, 21759190895953, vstest.console.dll, TestRequestSender.OnExecutionMessageReceived: Received message: {"Version":7,"MessageType":"TestSession.Message","Payload":{"MessageLevel":0,"Message":"[xUnit.net 00:00:00.32]            at Microsoft.Extensions.Hosting.HostingAbstractionsHostExtensions.Start(IHost host)"}}
TpTrace Verbose: 0 : 12952, 11, 2026/01/09, 23:07:15.615, 21759190896561, vstest.console.dll, TestRunRequest:SendTestRunMessage: Starting.
TpTrace Verbose: 0 : 12952, 11, 2026/01/09, 23:07:15.615, 21759190896907, vstest.console.dll, MulticastDelegateUtilities.SafeInvoke: TestRun.LogMessages: Invoking callback 1/1 for Microsoft.VisualStudio.TestPlatform.CommandLine.TestRunResultAggregator., took 0 ms.
TpTrace Information: 0 : 12952, 11, 2026/01/09, 23:07:15.615, 21759190897128, vstest.console.dll, TestRunRequest:SendTestRunMessage: Completed.
TpTrace Verbose: 0 : 12952, 11, 2026/01/09, 23:07:15.615, 21759190897296, vstest.console.dll, MulticastDelegateUtilities.SafeInvoke: LengthPrefixCommunicationChannel: MessageReceived: Invoking callback 1/1 for Microsoft.VisualStudio.TestPlatform.CommunicationUtilities.TestRequestSender+<>c__DisplayClass34_0., took 0 ms.
TpTrace Verbose: 0 : 12952, 11, 2026/01/09, 23:07:15.615, 21759190897517, vstest.console.dll, TcpClientExtensions.MessageLoopAsync: Polling on remoteEndPoint: 127.0.0.1:64866 localEndPoint: 127.0.0.1:64865 after 0 ms
TpTrace Verbose: 0 : 12952, 4, 2026/01/09, 23:07:15.615, 21759190897775, vstest.console.dll, MulticastDelegateUtilities.SafeInvoke: InternalTestLoggerEvents.SendTestRunMessage: Invoking callback 1/1 for Microsoft.VisualStudio.TestPlatform.CommandLine.Internal.MSBuildLogger., took 0 ms.
TpTrace Verbose: 0 : 12952, 11, 2026/01/09, 23:07:15.615, 21759190897908, vstest.console.dll, TcpClientExtensions.MessageLoopAsync: NotifyDataAvailable remoteEndPoint: 127.0.0.1:64866 localEndPoint: 127.0.0.1:64865
TpTrace Verbose: 0 : 12952, 11, 2026/01/09, 23:07:15.615, 21759190898646, vstest.console.dll, TestRequestSender.OnExecutionMessageReceived: Received message: {"Version":7,"MessageType":"TestSession.Message","Payload":{"MessageLevel":0,"Message":"[xUnit.net 00:00:00.32]            at Microsoft.AspNetCore.Mvc.Testing.WebApplicationFactory`1.CreateHost(IHostBuilder builder)"}}
TpTrace Verbose: 0 : 12952, 11, 2026/01/09, 23:07:15.615, 21759190899314, vstest.console.dll, TestRunRequest:SendTestRunMessage: Starting.
TpTrace Verbose: 0 : 12952, 11, 2026/01/09, 23:07:15.615, 21759190899662, vstest.console.dll, MulticastDelegateUtilities.SafeInvoke: TestRun.LogMessages: Invoking callback 1/1 for Microsoft.VisualStudio.TestPlatform.CommandLine.TestRunResultAggregator., took 0 ms.
TpTrace Information: 0 : 12952, 11, 2026/01/09, 23:07:15.615, 21759190899883, vstest.console.dll, TestRunRequest:SendTestRunMessage: Completed.
TpTrace Verbose: 0 : 12952, 11, 2026/01/09, 23:07:15.615, 21759190900051, vstest.console.dll, MulticastDelegateUtilities.SafeInvoke: LengthPrefixCommunicationChannel: MessageReceived: Invoking callback 1/1 for Microsoft.VisualStudio.TestPlatform.CommunicationUtilities.TestRequestSender+<>c__DisplayClass34_0., took 0 ms.
TpTrace Verbose: 0 : 12952, 11, 2026/01/09, 23:07:15.615, 21759190900303, vstest.console.dll, TcpClientExtensions.MessageLoopAsync: Polling on remoteEndPoint: 127.0.0.1:64866 localEndPoint: 127.0.0.1:64865 after 0 ms
TpTrace Verbose: 0 : 12952, 11, 2026/01/09, 23:07:15.615, 21759190900515, vstest.console.dll, TcpClientExtensions.MessageLoopAsync: NotifyDataAvailable remoteEndPoint: 127.0.0.1:64866 localEndPoint: 127.0.0.1:64865
TpTrace Verbose: 0 : 12952, 11, 2026/01/09, 23:07:15.615, 21759190900806, vstest.console.dll, TestRequestSender.OnExecutionMessageReceived: Received message: {"Version":7,"MessageType":"TestSession.Message","Payload":{"MessageLevel":0,"Message":"[xUnit.net 00:00:00.32]            at Microsoft.AspNetCore.Mvc.Testing.WebApplicationFactory`1.ConfigureHostBuilder(IHostBuilder hostBuilder)"}}
TpTrace Verbose: 0 : 12952, 4, 2026/01/09, 23:07:15.615, 21759190900729, vstest.console.dll, MulticastDelegateUtilities.SafeInvoke: InternalTestLoggerEvents.SendTestRunMessage: Invoking callback 1/1 for Microsoft.VisualStudio.TestPlatform.CommandLine.Internal.MSBuildLogger., took 0 ms.
TpTrace Verbose: 0 : 12952, 11, 2026/01/09, 23:07:15.615, 21759190901254, vstest.console.dll, TestRunRequest:SendTestRunMessage: Starting.
TpTrace Verbose: 0 : 12952, 11, 2026/01/09, 23:07:15.616, 21759190901589, vstest.console.dll, MulticastDelegateUtilities.SafeInvoke: TestRun.LogMessages: Invoking callback 1/1 for Microsoft.VisualStudio.TestPlatform.CommandLine.TestRunResultAggregator., took 0 ms.
TpTrace Information: 0 : 12952, 11, 2026/01/09, 23:07:15.616, 21759190901756, vstest.console.dll, TestRunRequest:SendTestRunMessage: Completed.
TpTrace Verbose: 0 : 12952, 4, 2026/01/09, 23:07:15.616, 21759190901785, vstest.console.dll, MulticastDelegateUtilities.SafeInvoke: InternalTestLoggerEvents.SendTestRunMessage: Invoking callback 1/1 for Microsoft.VisualStudio.TestPlatform.CommandLine.Internal.MSBuildLogger., took 0 ms.
TpTrace Verbose: 0 : 12952, 11, 2026/01/09, 23:07:15.616, 21759190902537, vstest.console.dll, MulticastDelegateUtilities.SafeInvoke: LengthPrefixCommunicationChannel: MessageReceived: Invoking callback 1/1 for Microsoft.VisualStudio.TestPlatform.CommunicationUtilities.TestRequestSender+<>c__DisplayClass34_0., took 0 ms.
TpTrace Verbose: 0 : 12952, 11, 2026/01/09, 23:07:15.616, 21759190903107, vstest.console.dll, TcpClientExtensions.MessageLoopAsync: Polling on remoteEndPoint: 127.0.0.1:64866 localEndPoint: 127.0.0.1:64865 after 0 ms
TpTrace Verbose: 0 : 12952, 11, 2026/01/09, 23:07:15.616, 21759190903396, vstest.console.dll, TcpClientExtensions.MessageLoopAsync: NotifyDataAvailable remoteEndPoint: 127.0.0.1:64866 localEndPoint: 127.0.0.1:64865
TpTrace Verbose: 0 : 12952, 11, 2026/01/09, 23:07:15.616, 21759190903756, vstest.console.dll, TestRequestSender.OnExecutionMessageReceived: Received message: {"Version":7,"MessageType":"TestSession.Message","Payload":{"MessageLevel":0,"Message":"[xUnit.net 00:00:00.32]            at Microsoft.AspNetCore.Mvc.Testing.WebApplicationFactory`1.EnsureServer()"}}
TpTrace Verbose: 0 : 12952, 11, 2026/01/09, 23:07:15.616, 21759190904264, vstest.console.dll, TestRunRequest:SendTestRunMessage: Starting.
TpTrace Verbose: 0 : 12952, 11, 2026/01/09, 23:07:15.616, 21759190904591, vstest.console.dll, MulticastDelegateUtilities.SafeInvoke: TestRun.LogMessages: Invoking callback 1/1 for Microsoft.VisualStudio.TestPlatform.CommandLine.TestRunResultAggregator., took 0 ms.
TpTrace Information: 0 : 12952, 11, 2026/01/09, 23:07:15.616, 21759190904815, vstest.console.dll, TestRunRequest:SendTestRunMessage: Completed.
TpTrace Verbose: 0 : 12952, 11, 2026/01/09, 23:07:15.616, 21759190904995, vstest.console.dll, MulticastDelegateUtilities.SafeInvoke: LengthPrefixCommunicationChannel: MessageReceived: Invoking callback 1/1 for Microsoft.VisualStudio.TestPlatform.CommunicationUtilities.TestRequestSender+<>c__DisplayClass34_0., took 0 ms.
TpTrace Verbose: 0 : 12952, 11, 2026/01/09, 23:07:15.616, 21759190905244, vstest.console.dll, TcpClientExtensions.MessageLoopAsync: Polling on remoteEndPoint: 127.0.0.1:64866 localEndPoint: 127.0.0.1:64865 after 0 ms
TpTrace Verbose: 0 : 12952, 4, 2026/01/09, 23:07:15.616, 21759190905203, vstest.console.dll, MulticastDelegateUtilities.SafeInvoke: InternalTestLoggerEvents.SendTestRunMessage: Invoking callback 1/1 for Microsoft.VisualStudio.TestPlatform.CommandLine.Internal.MSBuildLogger., took 0 ms.
TpTrace Verbose: 0 : 12952, 11, 2026/01/09, 23:07:15.616, 21759190905457, vstest.console.dll, TcpClientExtensions.MessageLoopAsync: NotifyDataAvailable remoteEndPoint: 127.0.0.1:64866 localEndPoint: 127.0.0.1:64865
TpTrace Verbose: 0 : 12952, 11, 2026/01/09, 23:07:15.616, 21759190906324, vstest.console.dll, TestRequestSender.OnExecutionMessageReceived: Received message: {"Version":7,"MessageType":"TestSession.Message","Payload":{"MessageLevel":0,"Message":"[xUnit.net 00:00:00.32]            at Microsoft.AspNetCore.Mvc.Testing.WebApplicationFactory`1.get_Services()"}}
TpTrace Verbose: 0 : 12952, 11, 2026/01/09, 23:07:15.616, 21759190906847, vstest.console.dll, TestRunRequest:SendTestRunMessage: Starting.
TpTrace Verbose: 0 : 12952, 11, 2026/01/09, 23:07:15.616, 21759190907186, vstest.console.dll, MulticastDelegateUtilities.SafeInvoke: TestRun.LogMessages: Invoking callback 1/1 for Microsoft.VisualStudio.TestPlatform.CommandLine.TestRunResultAggregator., took 0 ms.
TpTrace Information: 0 : 12952, 11, 2026/01/09, 23:07:15.616, 21759190907407, vstest.console.dll, TestRunRequest:SendTestRunMessage: Completed.
TpTrace Verbose: 0 : 12952, 11, 2026/01/09, 23:07:15.616, 21759190907595, vstest.console.dll, MulticastDelegateUtilities.SafeInvoke: LengthPrefixCommunicationChannel: MessageReceived: Invoking callback 1/1 for Microsoft.VisualStudio.TestPlatform.CommunicationUtilities.TestRequestSender+<>c__DisplayClass34_0., took 0 ms.
TpTrace Verbose: 0 : 12952, 4, 2026/01/09, 23:07:15.616, 21759190907680, vstest.console.dll, MulticastDelegateUtilities.SafeInvoke: InternalTestLoggerEvents.SendTestRunMessage: Invoking callback 1/1 for Microsoft.VisualStudio.TestPlatform.CommandLine.Internal.MSBuildLogger., took 0 ms.
TpTrace Verbose: 0 : 12952, 11, 2026/01/09, 23:07:15.616, 21759190908397, vstest.console.dll, TcpClientExtensions.MessageLoopAsync: Polling on remoteEndPoint: 127.0.0.1:64866 localEndPoint: 127.0.0.1:64865 after 0 ms
TpTrace Verbose: 0 : 12952, 11, 2026/01/09, 23:07:15.616, 21759190909171, vstest.console.dll, TcpClientExtensions.MessageLoopAsync: NotifyDataAvailable remoteEndPoint: 127.0.0.1:64866 localEndPoint: 127.0.0.1:64865
TpTrace Verbose: 0 : 12952, 11, 2026/01/09, 23:07:15.616, 21759190909698, vstest.console.dll, TestRequestSender.OnExecutionMessageReceived: Received message: {"Version":7,"MessageType":"TestSession.Message","Payload":{"MessageLevel":0,"Message":"[xUnit.net 00:00:00.32]         C:\\src\\github\\alex-horvath-net\\ModularMonolith\\src\\DevTests\\IntegrationTests\\WebAppFactory.cs(52,0): at DevTests.IntegrationTests.WebAppFactory.InitializeAsync()"}}
TpTrace Verbose: 0 : 12952, 11, 2026/01/09, 23:07:15.616, 21759190911282, vstest.console.dll, TestRunRequest:SendTestRunMessage: Starting.
TpTrace Verbose: 0 : 12952, 11, 2026/01/09, 23:07:15.617, 21759190911986, vstest.console.dll, MulticastDelegateUtilities.SafeInvoke: TestRun.LogMessages: Invoking callback 1/1 for Microsoft.VisualStudio.TestPlatform.CommandLine.TestRunResultAggregator., took 0 ms.
TpTrace Information: 0 : 12952, 11, 2026/01/09, 23:07:15.617, 21759190912380, vstest.console.dll, TestRunRequest:SendTestRunMessage: Completed.
TpTrace Verbose: 0 : 12952, 11, 2026/01/09, 23:07:15.617, 21759190912781, vstest.console.dll, MulticastDelegateUtilities.SafeInvoke: LengthPrefixCommunicationChannel: MessageReceived: Invoking callback 1/1 for Microsoft.VisualStudio.TestPlatform.CommunicationUtilities.TestRequestSender+<>c__DisplayClass34_0., took 0 ms.
TpTrace Verbose: 0 : 12952, 4, 2026/01/09, 23:07:15.617, 21759190912826, vstest.console.dll, MulticastDelegateUtilities.SafeInvoke: InternalTestLoggerEvents.SendTestRunMessage: Invoking callback 1/1 for Microsoft.VisualStudio.TestPlatform.CommandLine.Internal.MSBuildLogger., took 0 ms.
TpTrace Verbose: 0 : 12952, 11, 2026/01/09, 23:07:15.617, 21759190913084, vstest.console.dll, TcpClientExtensions.MessageLoopAsync: Polling on remoteEndPoint: 127.0.0.1:64866 localEndPoint: 127.0.0.1:64865 after 0 ms
TpTrace Verbose: 0 : 12952, 11, 2026/01/09, 23:07:15.623, 21759190973652, vstest.console.dll, TcpClientExtensions.MessageLoopAsync: NotifyDataAvailable remoteEndPoint: 127.0.0.1:64866 localEndPoint: 127.0.0.1:64865
TpTrace Verbose: 0 : 12952, 11, 2026/01/09, 23:07:15.623, 21759190975303, vstest.console.dll, TestRequestSender.OnExecutionMessageReceived: Received message: {"Version":7,"MessageType":"TestSession.Message","Payload":{"MessageLevel":0,"Message":"[xUnit.net 00:00:00.34]   Finished:    DevTests"}}
TpTrace Verbose: 0 : 12952, 11, 2026/01/09, 23:07:15.623, 21759190976475, vstest.console.dll, TestRunRequest:SendTestRunMessage: Starting.
TpTrace Verbose: 0 : 12952, 11, 2026/01/09, 23:07:15.623, 21759190976959, vstest.console.dll, MulticastDelegateUtilities.SafeInvoke: TestRun.LogMessages: Invoking callback 1/1 for Microsoft.VisualStudio.TestPlatform.CommandLine.TestRunResultAggregator., took 0 ms.
TpTrace Information: 0 : 12952, 11, 2026/01/09, 23:07:15.623, 21759190977197, vstest.console.dll, TestRunRequest:SendTestRunMessage: Completed.
TpTrace Verbose: 0 : 12952, 11, 2026/01/09, 23:07:15.623, 21759190977405, vstest.console.dll, MulticastDelegateUtilities.SafeInvoke: LengthPrefixCommunicationChannel: MessageReceived: Invoking callback 1/1 for Microsoft.VisualStudio.TestPlatform.CommunicationUtilities.TestRequestSender+<>c__DisplayClass34_0., took 0 ms.
TpTrace Verbose: 0 : 12952, 11, 2026/01/09, 23:07:15.623, 21759190977595, vstest.console.dll, TcpClientExtensions.MessageLoopAsync: Polling on remoteEndPoint: 127.0.0.1:64866 localEndPoint: 127.0.0.1:64865 after 6 ms
TpTrace Verbose: 0 : 12952, 4, 2026/01/09, 23:07:15.623, 21759190978496, vstest.console.dll, MulticastDelegateUtilities.SafeInvoke: InternalTestLoggerEvents.SendTestRunMessage: Invoking callback 1/1 for Microsoft.VisualStudio.TestPlatform.CommandLine.Internal.MSBuildLogger., took 0 ms.
TpTrace Verbose: 0 : 12952, 11, 2026/01/09, 23:07:15.658, 21759191323871, vstest.console.dll, TcpClientExtensions.MessageLoopAsync: NotifyDataAvailable remoteEndPoint: 127.0.0.1:64866 localEndPoint: 127.0.0.1:64865
TpTrace Verbose: 0 : 12952, 11, 2026/01/09, 23:07:15.658, 21759191327396, vstest.console.dll, TestRequestSender.OnExecutionMessageReceived: Received message: {"Version":7,"MessageType":"TestExecution.Completed","Payload":{"TestRunCompleteArgs":{"TestRunStatistics":{"ExecutedTests":1,"Stats":{"Failed":1}},"IsCanceled":false,"IsAborted":false,"Error":null,"AttachmentSets":[],"InvokedDataCollectors":[],"ElapsedTimeInRunningTests":"00:00:00.3507881","Metrics":{},"DiscoveredExtensions":{"TestDiscoverers":["Xunit.Runner.VisualStudio.VsTestRunner, xunit.runner.visualstudio.testadapter, Version=3.1.5.0, Culture=neutral, PublicKeyToken=null"],"TestExecutors":["executor://xunit/VsTestRunner3/netcore/"],"TestExecutors2":[],"TestSettingsProviders":[]}},"LastRunTests":{"NewTestResults":[{"TestCase":{"Id":"acc8b659-ccc4-a074-abf0-c8e2df817bad","FullyQualifiedName":"DevTests.IntegrationTests.GetOrderByIdEndpoints_Tests.PostOrders_ShouldCreateOrder","DisplayName":"DevTests.IntegrationTests.GetOrderByIdEndpoints_Tests.PostOrders_ShouldCreateOrder","ExecutorUri":"executor://xunit/VsTestRunner3/netcore/","Source":"C:\\src\\github\\alex-horvath-net\\ModularMonolith\\src\\DevTests\\bin\\Debug\\net9.0\\DevTests.dll","CodeFilePath":null,"LineNumber":0,"Properties":[{"Key":{"Id":"TestCase.ManagedType","Label":"ManagedType","Category":"","Description":"","Attributes":1,"ValueType":"System.String"},"Value":"DevTests.IntegrationTests.GetOrderByIdEndpoints_Tests"},{"Key":{"Id":"TestCase.ManagedMethod","Label":"ManagedMethod","Category":"","Description":"","Attributes":1,"ValueType":"System.String"},"Value":"PostOrders_ShouldCreateOrder"},{"Key":{"Id":"XunitTestCaseUniqueID","Label":"xUnit.net Test Case Unique ID","Category":"","Description":"","Attributes":0,"ValueType":"System.String"},"Value":"7409e00bf6015bcba9e8c3756e70ecb8f28c1b1a"},{"Key":{"Id":"XunitTestCaseExplicit","Label":"xUnit.net Test Case Explicit Flag","Category":"","Description":"","Attributes":0,"ValueType":"System.Boolean"},"Value":false}]},"Attachments":[],"Outcome":2,"ErrorMessage":"System.InvalidOperationException : A call was made to 'UseLoggerFactory', but Entity Framework is not building its own internal service provider. Either allow Entity Framework to build the service provider by removing the call to 'UseInternalServiceProvider', or build the 'ILoggerFactory' services to use into the service provider before passing it to 'UseInternalServiceProvider'.","ErrorStackTrace":"   at Microsoft.EntityFrameworkCore.Infrastructure.CoreOptionsExtension.Validate(IDbContextOptions options)\r\n   at Microsoft.EntityFrameworkCore.Internal.ServiceProviderCache.ValidateOptions(IDbContextOptions options)\r\n   at Microsoft.EntityFrameworkCore.Internal.ServiceProviderCache.GetOrAdd(IDbContextOptions options, Boolean providerRequired)\r\n   at Microsoft.EntityFrameworkCore.DbContext..ctor(DbContextOptions options)\r\n   at Experts.OrderBusinessExpert.Shared.Infrastructure.Data.OrdersDbContext..ctor(DbContextOptions`1 options) in C:\\src\\github\\alex-horvath-net\\ModularMonolith\\src\\Experts\\OrderBusinessExpert\\Shared\\Infrastructure\\Data\\OrdersDbContext.cs:line 7\r\n   at System.RuntimeMethodHandle.InvokeMethod(Object target, Void** arguments, Signature sig, Boolean isConstructor)\r\n   at System.Reflection.MethodBaseInvoker.InvokeDirectByRefWithFewArgs(Object obj, Span`1 copyOfArgs, BindingFlags invokeAttr)\r\n   at System.Reflection.MethodBaseInvoker.InvokeWithOneArg(Object obj, BindingFlags invokeAttr, Binder binder, Object[] parameters, CultureInfo culture)\r\n   at System.Reflection.RuntimeConstructorInfo.Invoke(BindingFlags invokeAttr, Binder binder, Object[] parameters, CultureInfo culture)\r\n   at Microsoft.Extensions.DependencyInjection.ServiceLookup.CallSiteRuntimeResolver.VisitConstructor(ConstructorCallSite constructorCallSite, RuntimeResolverContext context)\r\n   at Microsoft.Extensions.DependencyInjection.ServiceLookup.CallSiteVisitor`2.VisitCallSiteMain(ServiceCallSite callSite, TArgument argument)\r\n   at Microsoft.Extensions.DependencyInjection.ServiceLookup.CallSiteRuntimeResolver.VisitCache(ServiceCallSite callSite, RuntimeResolverContext context, ServiceProviderEngineScope serviceProviderEngine, RuntimeResolverLock lockType)\r\n   at Microsoft.Extensions.DependencyInjection.ServiceLookup.CallSiteRuntimeResolver.VisitScopeCache(ServiceCallSite callSite, RuntimeResolverContext context)\r\n   at Microsoft.Extensions.DependencyInjection.ServiceLookup.CallSiteVisitor`2.VisitCallSite(ServiceCallSite callSite, TArgument argument)\r\n   at Microsoft.Extensions.DependencyInjection.ServiceLookup.CallSiteRuntimeResolver.Resolve(ServiceCallSite callSite, ServiceProviderEngineScope scope)\r\n   at Microsoft.Extensions.DependencyInjection.ServiceLookup.DynamicServiceProviderEngine.<>c__DisplayClass2_0.<RealizeService>b__0(ServiceProviderEngineScope scope)\r\n   at Microsoft.Extensions.DependencyInjection.ServiceProvider.GetService(ServiceIdentifier serviceIdentifier, ServiceProviderEngineScope serviceProviderEngineScope)\r\n   at Microsoft.Extensions.DependencyInjection.ServiceLookup.ServiceProviderEngineScope.GetService(Type serviceType)\r\n   at Microsoft.Extensions.DependencyInjection.ServiceProviderServiceExtensions.GetRequiredService(IServiceProvider provider, Type serviceType)\r\n   at Microsoft.Extensions.DependencyInjection.ServiceProviderServiceExtensions.GetRequiredService[T](IServiceProvider provider)\r\n   at Experts.OrderBusinessExpert.OrdersExtensions.MapOrders(WebApplication app) in C:\\src\\github\\alex-horvath-net\\ModularMonolith\\src\\Experts\\OrderBusinessExpert\\OrdersExtensions.cs:line 61\r\n   at Program.<Main>$(String[] args) in C:\\src\\github\\alex-horvath-net\\ModularMonolith\\src\\ApplicationApi\\Program.cs:line 23\r\n   at System.RuntimeMethodHandle.InvokeMethod(Object target, Void** arguments, Signature sig, Boolean isConstructor)\r\n   at System.Reflection.MethodBaseInvoker.InvokeDirectByRefWithFewArgs(Object obj, Span`1 copyOfArgs, BindingFlags invokeAttr)\r\n--- End of stack trace from previous location ---\r\n   at Microsoft.AspNetCore.Mvc.Testing.DeferredHostBuilder.DeferredHost.StartAsync(CancellationToken cancellationToken)\r\n   at Microsoft.Extensions.Hosting.HostingAbstractionsHostExtensions.Start(IHost host)\r\n   at Microsoft.AspNetCore.Mvc.Testing.WebApplicationFactory`1.CreateHost(IHostBuilder builder)\r\n   at Microsoft.AspNetCore.Mvc.Testing.WebApplicationFactory`1.ConfigureHostBuilder(IHostBuilder hostBuilder)\r\n   at Microsoft.AspNetCore.Mvc.Testing.WebApplicationFactory`1.EnsureServer()\r\n   at Microsoft.AspNetCore.Mvc.Testing.WebApplicationFactory`1.get_Services()\r\n   at DevTests.IntegrationTests.WebAppFactory.InitializeAsync() in C:\\src\\github\\alex-horvath-net\\ModularMonolith\\src\\DevTests\\IntegrationTests\\WebAppFactory.cs:line 52","DisplayName":"DevTests.IntegrationTests.GetOrderByIdEndpoints_Tests.PostOrders_ShouldCreateOrder","Messages":[],"ComputerName":"ALADARLAPTOP","Duration":"00:00:00.0010000","StartTime":"2026-01-09T23:07:15.5953027+00:00","EndTime":"2026-01-09T23:07:15.6007593+00:00","Properties":[]}],"TestRunStatistics":{"ExecutedTests":1,"Stats":{"Failed":1}},"ActiveTests":[]},"RunAttachments":[],"ExecutorUris":["executor://xunit/VsTestRunner3/netcore/"]}}
TpTrace Verbose: 0 : 12952, 11, 2026/01/09, 23:07:15.658, 21759191328939, vstest.console.dll, TestRequestSender.EndSession: Sending end session.
TpTrace Verbose: 0 : 12952, 11, 2026/01/09, 23:07:15.658, 21759191331180, vstest.console.dll, ProxyOperationManager.Close: waiting for test host to exit for 100 ms
TpTrace Warning: 0 : 12952, 12, 2026/01/09, 23:07:15.691, 21759191660648, vstest.console.dll, TestHostManagerCallbacks.ErrorReceivedCallback Test host standard error line: 
TpTrace Verbose: 0 : 12952, 13, 2026/01/09, 23:07:15.691, 21759191660648, vstest.console.dll, TestHostManagerCallbacks.StandardOutputReceivedCallback Test host standard output line: 
TpTrace Verbose: 0 : 12952, 12, 2026/01/09, 23:07:15.708, 21759191826332, vstest.console.dll, TestHostProvider.ExitCallBack: Host exited starting callback.
TpTrace Information: 0 : 12952, 12, 2026/01/09, 23:07:15.708, 21759191828133, vstest.console.dll, TestHostManagerCallbacks.ExitCallBack: Testhost processId: 27216 exited with exitcode: 0 error: ''
TpTrace Verbose: 0 : 12952, 12, 2026/01/09, 23:07:15.708, 21759191828467, vstest.console.dll, DotnetTestHostManager.OnHostExited: invoking OnHostExited callback
TpTrace Verbose: 0 : 12952, 12, 2026/01/09, 23:07:15.708, 21759191831452, vstest.console.dll, CrossPlatEngine.TestHostManagerHostExited: calling on client process exit callback.
TpTrace Information: 0 : 12952, 12, 2026/01/09, 23:07:15.709, 21759191832471, vstest.console.dll, TestRequestSender.OnClientProcessExit: Test host process exited. Standard error: 
TpTrace Information: 0 : 12952, 12, 2026/01/09, 23:07:15.709, 21759191832841, vstest.console.dll, SocketServer.Stop: Stop server endPoint: 127.0.0.1:64865
TpTrace Information: 0 : 12952, 11, 2026/01/09, 23:07:15.709, 21759191833003, vstest.console.dll, SocketServer.Stop: Stop server endPoint: 127.0.0.1:64865
TpTrace Information: 0 : 12952, 12, 2026/01/09, 23:07:15.709, 21759191833148, vstest.console.dll, SocketServer.Stop: Cancellation requested. Stopping message loop.
TpTrace Information: 0 : 12952, 11, 2026/01/09, 23:07:15.709, 21759191833973, vstest.console.dll, SocketServer.Stop: Cancellation requested. Stopping message loop.
TpTrace Information: 0 : 12952, 11, 2026/01/09, 23:07:15.709, 21759191835673, vstest.console.dll, Closing the connection
TpTrace Verbose: 0 : 12952, 12, 2026/01/09, 23:07:15.709, 21759191836259, vstest.console.dll, MulticastDelegateUtilities.SafeInvoke: HostProviderEvents.OnHostExited: Invoking callback 1/1 for Microsoft.VisualStudio.TestPlatform.CrossPlatEngine.Client.ProxyOperationManager., took 0 ms.
TpTrace Verbose: 0 : 12952, 11, 2026/01/09, 23:07:15.743, 21759192181554, vstest.console.dll, ParallelRunEventsHandler.HandleTestRunComplete: Handling a run completion, this can be either one part of parallel run completing, or the whole parallel run completing.
TpTrace Verbose: 0 : 12952, 11, 2026/01/09, 23:07:15.757, 21759192312369, vstest.console.dll, TestRunRequest:SendTestRunStatsChange: Starting.
TpTrace Verbose: 0 : 12952, 11, 2026/01/09, 23:07:15.757, 21759192315328, vstest.console.dll, MulticastDelegateUtilities.SafeInvoke: TestRun.RunStatsChanged: Invoking callbacks was skipped because there are no subscribers.
TpTrace Information: 0 : 12952, 11, 2026/01/09, 23:07:15.757, 21759192315769, vstest.console.dll, TestRunRequest:SendTestRunStatsChange: Completed.
TpTrace Verbose: 0 : 12952, 11, 2026/01/09, 23:07:15.757, 21759192318155, vstest.console.dll, ParallelProxyExecutionManager: HandlePartialRunComplete: Total workloads = 1, Total started clients = 1 Total completed clients = 1, Run complete = True, Run canceled: False.
TpTrace Verbose: 0 : 12952, 11, 2026/01/09, 23:07:15.757, 21759192318512, vstest.console.dll, ParallelProxyExecutionManager: HandlePartialRunComplete: All runs completed stopping all managers.
TpTrace Verbose: 0 : 12952, 11, 2026/01/09, 23:07:15.757, 21759192318781, vstest.console.dll, ParallelOperationManager.StopAllManagers: Stopping all managers.
TpTrace Verbose: 0 : 12952, 11, 2026/01/09, 23:07:15.757, 21759192318973, vstest.console.dll, ParallelOperationManager.ClearSlots: Clearing all slots. Slots should accept more work: False
TpTrace Verbose: 0 : 12952, 11, 2026/01/09, 23:07:15.757, 21759192319343, vstest.console.dll, ParallelOperationManager.SetOccupiedSlotCount: Setting slot counts AvailableSlotCount = 1, OccupiedSlotCount = 0.
TpTrace Verbose: 0 : 12952, 11, 2026/01/09, 23:07:15.757, 21759192319589, vstest.console.dll, Occupied slots:

TpTrace Verbose: 0 : 12952, 11, 2026/01/09, 23:07:15.757, 21759192319762, vstest.console.dll, ParallelRunEventsHandler.HandleTestRunComplete: Whole parallel run completed.
TpTrace Verbose: 0 : 12952, 4, 2026/01/09, 23:07:15.769, 21759192433520, vstest.console.dll, MulticastDelegateUtilities.SafeInvoke: InternalTestLoggerEvents.SendTestResult: Invoking callback 1/1 for Microsoft.VisualStudio.TestPlatform.CommandLine.Internal.MSBuildLogger., took 11 ms.
TpTrace Verbose: 0 : 12952, 4, 2026/01/09, 23:07:15.774, 21759192490886, vstest.console.dll, MulticastDelegateUtilities.SafeInvoke: InternalTestLoggerEvents.SendTestRunComplete: Invoking callback 1/1 for Microsoft.VisualStudio.TestPlatform.CommandLine.Internal.MSBuildLogger., took 5 ms.
TpTrace Verbose: 0 : 12952, 11, 2026/01/09, 23:07:15.775, 21759192494577, vstest.console.dll, TestRunRequest:TestRunComplete: Starting. IsAborted:False IsCanceled:False.
TpTrace Verbose: 0 : 12952, 11, 2026/01/09, 23:07:15.775, 21759192496350, vstest.console.dll, ParallelOperationManager.DoActionOnAllManagers: Calling an action on all managers.
TpTrace Verbose: 0 : 12952, 11, 2026/01/09, 23:07:15.776, 21759192510112, vstest.console.dll, TestLoggerManager.HandleTestRunComplete: Ignoring as the object is disposed.
TpTrace Verbose: 0 : 12952, 11, 2026/01/09, 23:07:15.777, 21759192513261, vstest.console.dll, MulticastDelegateUtilities.SafeInvoke: TestRun.TestRunComplete: Invoking callback 1/2 for Microsoft.VisualStudio.TestPlatform.CommandLine.TestRunResultAggregator., took 0 ms.
TpTrace Verbose: 0 : 12952, 11, 2026/01/09, 23:07:15.777, 21759192514549, vstest.console.dll, MulticastDelegateUtilities.SafeInvoke: TestRun.TestRunComplete: Invoking callback 2/2 for Microsoft.VisualStudio.TestPlatform.CommandLine.Processors.RunTestsArgumentExecutor+TestRunRequestEventsRegistrar., took 0 ms.
TpTrace Information: 0 : 12952, 11, 2026/01/09, 23:07:15.777, 21759192515494, vstest.console.dll, TestRunRequest:TestRunComplete: Completed.
TpTrace Verbose: 0 : 12952, 11, 2026/01/09, 23:07:15.777, 21759192515873, vstest.console.dll, TestRequestSender.SetOperationComplete: Setting operation complete.
TpTrace Verbose: 0 : 12952, 2, 2026/01/09, 23:07:15.777, 21759192515922, vstest.console.dll, TestRunRequest.Dispose: Starting.
TpTrace Information: 0 : 12952, 11, 2026/01/09, 23:07:15.777, 21759192516153, vstest.console.dll, SocketServer.Stop: Stop server endPoint: 127.0.0.1:64865
TpTrace Information: 0 : 12952, 2, 2026/01/09, 23:07:15.777, 21759192517023, vstest.console.dll, TestRunRequest.Dispose: Completed.
TpTrace Information: 0 : 12952, 11, 2026/01/09, 23:07:15.777, 21759192517491, vstest.console.dll, SocketServer.Stop: Cancellation requested. Stopping message loop.
TpTrace Information: 0 : 12952, 2, 2026/01/09, 23:07:15.777, 21759192518102, vstest.console.dll, TestRequestManager.RunTests: run tests completed.
TpTrace Verbose: 0 : 12952, 11, 2026/01/09, 23:07:15.777, 21759192518708, vstest.console.dll, MulticastDelegateUtilities.SafeInvoke: LengthPrefixCommunicationChannel: MessageReceived: Invoking callback 1/1 for Microsoft.VisualStudio.TestPlatform.CommunicationUtilities.TestRequestSender+<>c__DisplayClass34_0., took 119 ms.
TpTrace Information: 0 : 12952, 2, 2026/01/09, 23:07:15.777, 21759192518982, vstest.console.dll, RunTestsArgumentProcessor:Execute: Test run is completed.
TpTrace Information: 0 : 12952, 11, 2026/01/09, 23:07:15.777, 21759192519617, vstest.console.dll, SocketServer.PrivateStop: Stopping server endPoint: 127.0.0.1:64865 error: 
TpTrace Verbose: 0 : 12952, 2, 2026/01/09, 23:07:15.778, 21759192522262, vstest.console.dll, Executor.Execute: Exiting with exit code of 1
TpTrace Verbose: 0 : 12952, 11, 2026/01/09, 23:07:15.778, 21759192524637, vstest.console.dll, LengthPrefixCommunicationChannel.Dispose: Dispose reader and writer.
TpTrace Information: 0 : 12952, 11, 2026/01/09, 23:07:15.778, 21759192525560, vstest.console.dll, SocketServer.Stop: Raise disconnected event endPoint: 127.0.0.1:64865 error: 
TpTrace Verbose: 0 : 12952, 11, 2026/01/09, 23:07:15.778, 21759192526262, vstest.console.dll, TestRequestSender: OnTestRunAbort: Operation is already complete. Skip error message.
TpTrace Verbose: 0 : 12952, 11, 2026/01/09, 23:07:15.778, 21759192526579, vstest.console.dll, MulticastDelegateUtilities.SafeInvoke: SocketServer: ClientDisconnected: Invoking callback 1/1 for Microsoft.VisualStudio.TestPlatform.CommunicationUtilities.TestRequestSender., took 0 ms.
TpTrace Verbose: 0 : 12952, 11, 2026/01/09, 23:07:15.778, 21759192526775, vstest.console.dll, TcpClientExtensions.MessageLoopAsync: exiting MessageLoopAsync remoteEndPoint: 127.0.0.1:64866 localEndPoint: 127.0.0.1:64865
